==================================================
 Topology          : 3D Mesh 4x4x8 - MiniMD
 Routers           : 128
 Nodes per router  : 2  (local_ports)
 Total nodes       : 256
 Total MPI ranks   : 256
 PPN (ranks/node)  : 2   <-- should be 2
 Stats CSV         : /Users/stephenrajva/Downloads/HPC-Upload 2/SST_Stimulator/MiniMD/Mesh/PPN_2/results/minimd_mesh_4x4x8_ppn2_nodes256_stats.csv
==================================================
180000:0:255:EmberEngine:AllPingPong:generate:59: rank=255 size=256
180000:0:254:EmberEngine:AllPingPong:generate:59: rank=254 size=256
180000:0:253:EmberEngine:AllPingPong:generate:59: rank=253 size=256
180000:0:252:EmberEngine:AllPingPong:generate:59: rank=252 size=256
180000:0:251:EmberEngine:AllPingPong:generate:59: rank=251 size=256
180000:0:250:EmberEngine:AllPingPong:generate:59: rank=250 size=256
180000:0:249:EmberEngine:AllPingPong:generate:59: rank=249 size=256
180000:0:248:EmberEngine:AllPingPong:generate:59: rank=248 size=256
180000:0:247:EmberEngine:AllPingPong:generate:59: rank=247 size=256
180000:0:246:EmberEngine:AllPingPong:generate:59: rank=246 size=256
180000:0:245:EmberEngine:AllPingPong:generate:59: rank=245 size=256
180000:0:244:EmberEngine:AllPingPong:generate:59: rank=244 size=256
180000:0:243:EmberEngine:AllPingPong:generate:59: rank=243 size=256
180000:0:242:EmberEngine:AllPingPong:generate:59: rank=242 size=256
180000:0:241:EmberEngine:AllPingPong:generate:59: rank=241 size=256
180000:0:240:EmberEngine:AllPingPong:generate:59: rank=240 size=256
180000:0:239:EmberEngine:AllPingPong:generate:59: rank=239 size=256
180000:0:238:EmberEngine:AllPingPong:generate:59: rank=238 size=256
180000:0:237:EmberEngine:AllPingPong:generate:59: rank=237 size=256
180000:0:236:EmberEngine:AllPingPong:generate:59: rank=236 size=256
180000:0:235:EmberEngine:AllPingPong:generate:59: rank=235 size=256
180000:0:234:EmberEngine:AllPingPong:generate:59: rank=234 size=256
180000:0:233:EmberEngine:AllPingPong:generate:59: rank=233 size=256
180000:0:232:EmberEngine:AllPingPong:generate:59: rank=232 size=256
180000:0:231:EmberEngine:AllPingPong:generate:59: rank=231 size=256
180000:0:230:EmberEngine:AllPingPong:generate:59: rank=230 size=256
180000:0:229:EmberEngine:AllPingPong:generate:59: rank=229 size=256
180000:0:228:EmberEngine:AllPingPong:generate:59: rank=228 size=256
180000:0:227:EmberEngine:AllPingPong:generate:59: rank=227 size=256
180000:0:226:EmberEngine:AllPingPong:generate:59: rank=226 size=256
180000:0:225:EmberEngine:AllPingPong:generate:59: rank=225 size=256
180000:0:224:EmberEngine:AllPingPong:generate:59: rank=224 size=256
180000:0:223:EmberEngine:AllPingPong:generate:59: rank=223 size=256
180000:0:222:EmberEngine:AllPingPong:generate:59: rank=222 size=256
180000:0:221:EmberEngine:AllPingPong:generate:59: rank=221 size=256
180000:0:220:EmberEngine:AllPingPong:generate:59: rank=220 size=256
180000:0:219:EmberEngine:AllPingPong:generate:59: rank=219 size=256
180000:0:218:EmberEngine:AllPingPong:generate:59: rank=218 size=256
180000:0:217:EmberEngine:AllPingPong:generate:59: rank=217 size=256
180000:0:216:EmberEngine:AllPingPong:generate:59: rank=216 size=256
180000:0:215:EmberEngine:AllPingPong:generate:59: rank=215 size=256
180000:0:214:EmberEngine:AllPingPong:generate:59: rank=214 size=256
180000:0:213:EmberEngine:AllPingPong:generate:59: rank=213 size=256
180000:0:212:EmberEngine:AllPingPong:generate:59: rank=212 size=256
180000:0:211:EmberEngine:AllPingPong:generate:59: rank=211 size=256
180000:0:210:EmberEngine:AllPingPong:generate:59: rank=210 size=256
180000:0:209:EmberEngine:AllPingPong:generate:59: rank=209 size=256
180000:0:208:EmberEngine:AllPingPong:generate:59: rank=208 size=256
180000:0:207:EmberEngine:AllPingPong:generate:59: rank=207 size=256
180000:0:206:EmberEngine:AllPingPong:generate:59: rank=206 size=256
180000:0:205:EmberEngine:AllPingPong:generate:59: rank=205 size=256
180000:0:204:EmberEngine:AllPingPong:generate:59: rank=204 size=256
180000:0:203:EmberEngine:AllPingPong:generate:59: rank=203 size=256
180000:0:202:EmberEngine:AllPingPong:generate:59: rank=202 size=256
180000:0:201:EmberEngine:AllPingPong:generate:59: rank=201 size=256
180000:0:200:EmberEngine:AllPingPong:generate:59: rank=200 size=256
180000:0:199:EmberEngine:AllPingPong:generate:59: rank=199 size=256
180000:0:198:EmberEngine:AllPingPong:generate:59: rank=198 size=256
180000:0:197:EmberEngine:AllPingPong:generate:59: rank=197 size=256
180000:0:196:EmberEngine:AllPingPong:generate:59: rank=196 size=256
180000:0:195:EmberEngine:AllPingPong:generate:59: rank=195 size=256
180000:0:194:EmberEngine:AllPingPong:generate:59: rank=194 size=256
180000:0:193:EmberEngine:AllPingPong:generate:59: rank=193 size=256
180000:0:192:EmberEngine:AllPingPong:generate:59: rank=192 size=256
180000:0:191:EmberEngine:AllPingPong:generate:59: rank=191 size=256
180000:0:190:EmberEngine:AllPingPong:generate:59: rank=190 size=256
180000:0:189:EmberEngine:AllPingPong:generate:59: rank=189 size=256
180000:0:188:EmberEngine:AllPingPong:generate:59: rank=188 size=256
180000:0:187:EmberEngine:AllPingPong:generate:59: rank=187 size=256
180000:0:186:EmberEngine:AllPingPong:generate:59: rank=186 size=256
180000:0:185:EmberEngine:AllPingPong:generate:59: rank=185 size=256
180000:0:184:EmberEngine:AllPingPong:generate:59: rank=184 size=256
180000:0:183:EmberEngine:AllPingPong:generate:59: rank=183 size=256
180000:0:182:EmberEngine:AllPingPong:generate:59: rank=182 size=256
180000:0:181:EmberEngine:AllPingPong:generate:59: rank=181 size=256
180000:0:180:EmberEngine:AllPingPong:generate:59: rank=180 size=256
180000:0:179:EmberEngine:AllPingPong:generate:59: rank=179 size=256
180000:0:178:EmberEngine:AllPingPong:generate:59: rank=178 size=256
180000:0:177:EmberEngine:AllPingPong:generate:59: rank=177 size=256
180000:0:176:EmberEngine:AllPingPong:generate:59: rank=176 size=256
180000:0:175:EmberEngine:AllPingPong:generate:59: rank=175 size=256
180000:0:174:EmberEngine:AllPingPong:generate:59: rank=174 size=256
180000:0:173:EmberEngine:AllPingPong:generate:59: rank=173 size=256
180000:0:172:EmberEngine:AllPingPong:generate:59: rank=172 size=256
180000:0:171:EmberEngine:AllPingPong:generate:59: rank=171 size=256
180000:0:170:EmberEngine:AllPingPong:generate:59: rank=170 size=256
180000:0:169:EmberEngine:AllPingPong:generate:59: rank=169 size=256
180000:0:168:EmberEngine:AllPingPong:generate:59: rank=168 size=256
180000:0:167:EmberEngine:AllPingPong:generate:59: rank=167 size=256
180000:0:166:EmberEngine:AllPingPong:generate:59: rank=166 size=256
180000:0:165:EmberEngine:AllPingPong:generate:59: rank=165 size=256
180000:0:164:EmberEngine:AllPingPong:generate:59: rank=164 size=256
180000:0:163:EmberEngine:AllPingPong:generate:59: rank=163 size=256
180000:0:162:EmberEngine:AllPingPong:generate:59: rank=162 size=256
180000:0:161:EmberEngine:AllPingPong:generate:59: rank=161 size=256
180000:0:160:EmberEngine:AllPingPong:generate:59: rank=160 size=256
180000:0:159:EmberEngine:AllPingPong:generate:59: rank=159 size=256
180000:0:158:EmberEngine:AllPingPong:generate:59: rank=158 size=256
180000:0:157:EmberEngine:AllPingPong:generate:59: rank=157 size=256
180000:0:156:EmberEngine:AllPingPong:generate:59: rank=156 size=256
180000:0:155:EmberEngine:AllPingPong:generate:59: rank=155 size=256
180000:0:154:EmberEngine:AllPingPong:generate:59: rank=154 size=256
180000:0:153:EmberEngine:AllPingPong:generate:59: rank=153 size=256
180000:0:152:EmberEngine:AllPingPong:generate:59: rank=152 size=256
180000:0:151:EmberEngine:AllPingPong:generate:59: rank=151 size=256
180000:0:150:EmberEngine:AllPingPong:generate:59: rank=150 size=256
180000:0:149:EmberEngine:AllPingPong:generate:59: rank=149 size=256
180000:0:148:EmberEngine:AllPingPong:generate:59: rank=148 size=256
180000:0:147:EmberEngine:AllPingPong:generate:59: rank=147 size=256
180000:0:146:EmberEngine:AllPingPong:generate:59: rank=146 size=256
180000:0:145:EmberEngine:AllPingPong:generate:59: rank=145 size=256
180000:0:144:EmberEngine:AllPingPong:generate:59: rank=144 size=256
180000:0:143:EmberEngine:AllPingPong:generate:59: rank=143 size=256
180000:0:142:EmberEngine:AllPingPong:generate:59: rank=142 size=256
180000:0:141:EmberEngine:AllPingPong:generate:59: rank=141 size=256
180000:0:140:EmberEngine:AllPingPong:generate:59: rank=140 size=256
180000:0:139:EmberEngine:AllPingPong:generate:59: rank=139 size=256
180000:0:138:EmberEngine:AllPingPong:generate:59: rank=138 size=256
180000:0:137:EmberEngine:AllPingPong:generate:59: rank=137 size=256
180000:0:136:EmberEngine:AllPingPong:generate:59: rank=136 size=256
180000:0:135:EmberEngine:AllPingPong:generate:59: rank=135 size=256
180000:0:134:EmberEngine:AllPingPong:generate:59: rank=134 size=256
180000:0:133:EmberEngine:AllPingPong:generate:59: rank=133 size=256
180000:0:132:EmberEngine:AllPingPong:generate:59: rank=132 size=256
180000:0:131:EmberEngine:AllPingPong:generate:59: rank=131 size=256
180000:0:130:EmberEngine:AllPingPong:generate:59: rank=130 size=256
180000:0:129:EmberEngine:AllPingPong:generate:59: rank=129 size=256
180000:0:128:EmberEngine:AllPingPong:generate:59: rank=128 size=256
180000:0:127:EmberEngine:AllPingPong:generate:59: rank=127 size=256
180000:0:126:EmberEngine:AllPingPong:generate:59: rank=126 size=256
180000:0:125:EmberEngine:AllPingPong:generate:59: rank=125 size=256
180000:0:124:EmberEngine:AllPingPong:generate:59: rank=124 size=256
180000:0:123:EmberEngine:AllPingPong:generate:59: rank=123 size=256
180000:0:122:EmberEngine:AllPingPong:generate:59: rank=122 size=256
180000:0:121:EmberEngine:AllPingPong:generate:59: rank=121 size=256
180000:0:120:EmberEngine:AllPingPong:generate:59: rank=120 size=256
180000:0:119:EmberEngine:AllPingPong:generate:59: rank=119 size=256
180000:0:118:EmberEngine:AllPingPong:generate:59: rank=118 size=256
180000:0:117:EmberEngine:AllPingPong:generate:59: rank=117 size=256
180000:0:116:EmberEngine:AllPingPong:generate:59: rank=116 size=256
180000:0:115:EmberEngine:AllPingPong:generate:59: rank=115 size=256
180000:0:114:EmberEngine:AllPingPong:generate:59: rank=114 size=256
180000:0:113:EmberEngine:AllPingPong:generate:59: rank=113 size=256
180000:0:112:EmberEngine:AllPingPong:generate:59: rank=112 size=256
180000:0:111:EmberEngine:AllPingPong:generate:59: rank=111 size=256
180000:0:110:EmberEngine:AllPingPong:generate:59: rank=110 size=256
180000:0:109:EmberEngine:AllPingPong:generate:59: rank=109 size=256
180000:0:108:EmberEngine:AllPingPong:generate:59: rank=108 size=256
180000:0:107:EmberEngine:AllPingPong:generate:59: rank=107 size=256
180000:0:106:EmberEngine:AllPingPong:generate:59: rank=106 size=256
180000:0:105:EmberEngine:AllPingPong:generate:59: rank=105 size=256
180000:0:104:EmberEngine:AllPingPong:generate:59: rank=104 size=256
180000:0:103:EmberEngine:AllPingPong:generate:59: rank=103 size=256
180000:0:102:EmberEngine:AllPingPong:generate:59: rank=102 size=256
180000:0:101:EmberEngine:AllPingPong:generate:59: rank=101 size=256
180000:0:100:EmberEngine:AllPingPong:generate:59: rank=100 size=256
180000:0:99:EmberEngine:AllPingPong:generate:59: rank=99 size=256
180000:0:98:EmberEngine:AllPingPong:generate:59: rank=98 size=256
180000:0:97:EmberEngine:AllPingPong:generate:59: rank=97 size=256
180000:0:96:EmberEngine:AllPingPong:generate:59: rank=96 size=256
180000:0:95:EmberEngine:AllPingPong:generate:59: rank=95 size=256
180000:0:94:EmberEngine:AllPingPong:generate:59: rank=94 size=256
180000:0:93:EmberEngine:AllPingPong:generate:59: rank=93 size=256
180000:0:92:EmberEngine:AllPingPong:generate:59: rank=92 size=256
180000:0:91:EmberEngine:AllPingPong:generate:59: rank=91 size=256
180000:0:90:EmberEngine:AllPingPong:generate:59: rank=90 size=256
180000:0:89:EmberEngine:AllPingPong:generate:59: rank=89 size=256
180000:0:88:EmberEngine:AllPingPong:generate:59: rank=88 size=256
180000:0:87:EmberEngine:AllPingPong:generate:59: rank=87 size=256
180000:0:86:EmberEngine:AllPingPong:generate:59: rank=86 size=256
180000:0:85:EmberEngine:AllPingPong:generate:59: rank=85 size=256
180000:0:84:EmberEngine:AllPingPong:generate:59: rank=84 size=256
180000:0:83:EmberEngine:AllPingPong:generate:59: rank=83 size=256
180000:0:82:EmberEngine:AllPingPong:generate:59: rank=82 size=256
180000:0:81:EmberEngine:AllPingPong:generate:59: rank=81 size=256
180000:0:80:EmberEngine:AllPingPong:generate:59: rank=80 size=256
180000:0:79:EmberEngine:AllPingPong:generate:59: rank=79 size=256
180000:0:78:EmberEngine:AllPingPong:generate:59: rank=78 size=256
180000:0:77:EmberEngine:AllPingPong:generate:59: rank=77 size=256
180000:0:76:EmberEngine:AllPingPong:generate:59: rank=76 size=256
180000:0:75:EmberEngine:AllPingPong:generate:59: rank=75 size=256
180000:0:74:EmberEngine:AllPingPong:generate:59: rank=74 size=256
180000:0:73:EmberEngine:AllPingPong:generate:59: rank=73 size=256
180000:0:72:EmberEngine:AllPingPong:generate:59: rank=72 size=256
180000:0:71:EmberEngine:AllPingPong:generate:59: rank=71 size=256
180000:0:70:EmberEngine:AllPingPong:generate:59: rank=70 size=256
180000:0:69:EmberEngine:AllPingPong:generate:59: rank=69 size=256
180000:0:68:EmberEngine:AllPingPong:generate:59: rank=68 size=256
180000:0:67:EmberEngine:AllPingPong:generate:59: rank=67 size=256
180000:0:66:EmberEngine:AllPingPong:generate:59: rank=66 size=256
180000:0:65:EmberEngine:AllPingPong:generate:59: rank=65 size=256
180000:0:64:EmberEngine:AllPingPong:generate:59: rank=64 size=256
180000:0:63:EmberEngine:AllPingPong:generate:59: rank=63 size=256
180000:0:62:EmberEngine:AllPingPong:generate:59: rank=62 size=256
180000:0:61:EmberEngine:AllPingPong:generate:59: rank=61 size=256
180000:0:60:EmberEngine:AllPingPong:generate:59: rank=60 size=256
180000:0:59:EmberEngine:AllPingPong:generate:59: rank=59 size=256
180000:0:58:EmberEngine:AllPingPong:generate:59: rank=58 size=256
180000:0:57:EmberEngine:AllPingPong:generate:59: rank=57 size=256
180000:0:56:EmberEngine:AllPingPong:generate:59: rank=56 size=256
180000:0:55:EmberEngine:AllPingPong:generate:59: rank=55 size=256
180000:0:54:EmberEngine:AllPingPong:generate:59: rank=54 size=256
180000:0:53:EmberEngine:AllPingPong:generate:59: rank=53 size=256
180000:0:52:EmberEngine:AllPingPong:generate:59: rank=52 size=256
180000:0:51:EmberEngine:AllPingPong:generate:59: rank=51 size=256
180000:0:50:EmberEngine:AllPingPong:generate:59: rank=50 size=256
180000:0:49:EmberEngine:AllPingPong:generate:59: rank=49 size=256
180000:0:48:EmberEngine:AllPingPong:generate:59: rank=48 size=256
180000:0:47:EmberEngine:AllPingPong:generate:59: rank=47 size=256
180000:0:46:EmberEngine:AllPingPong:generate:59: rank=46 size=256
180000:0:45:EmberEngine:AllPingPong:generate:59: rank=45 size=256
180000:0:44:EmberEngine:AllPingPong:generate:59: rank=44 size=256
180000:0:43:EmberEngine:AllPingPong:generate:59: rank=43 size=256
180000:0:42:EmberEngine:AllPingPong:generate:59: rank=42 size=256
180000:0:41:EmberEngine:AllPingPong:generate:59: rank=41 size=256
180000:0:40:EmberEngine:AllPingPong:generate:59: rank=40 size=256
180000:0:39:EmberEngine:AllPingPong:generate:59: rank=39 size=256
180000:0:38:EmberEngine:AllPingPong:generate:59: rank=38 size=256
180000:0:37:EmberEngine:AllPingPong:generate:59: rank=37 size=256
180000:0:36:EmberEngine:AllPingPong:generate:59: rank=36 size=256
180000:0:35:EmberEngine:AllPingPong:generate:59: rank=35 size=256
180000:0:34:EmberEngine:AllPingPong:generate:59: rank=34 size=256
180000:0:33:EmberEngine:AllPingPong:generate:59: rank=33 size=256
180000:0:32:EmberEngine:AllPingPong:generate:59: rank=32 size=256
180000:0:31:EmberEngine:AllPingPong:generate:59: rank=31 size=256
180000:0:30:EmberEngine:AllPingPong:generate:59: rank=30 size=256
180000:0:29:EmberEngine:AllPingPong:generate:59: rank=29 size=256
180000:0:28:EmberEngine:AllPingPong:generate:59: rank=28 size=256
180000:0:27:EmberEngine:AllPingPong:generate:59: rank=27 size=256
180000:0:26:EmberEngine:AllPingPong:generate:59: rank=26 size=256
180000:0:25:EmberEngine:AllPingPong:generate:59: rank=25 size=256
180000:0:24:EmberEngine:AllPingPong:generate:59: rank=24 size=256
180000:0:23:EmberEngine:AllPingPong:generate:59: rank=23 size=256
180000:0:22:EmberEngine:AllPingPong:generate:59: rank=22 size=256
180000:0:21:EmberEngine:AllPingPong:generate:59: rank=21 size=256
180000:0:20:EmberEngine:AllPingPong:generate:59: rank=20 size=256
180000:0:19:EmberEngine:AllPingPong:generate:59: rank=19 size=256
180000:0:18:EmberEngine:AllPingPong:generate:59: rank=18 size=256
180000:0:17:EmberEngine:AllPingPong:generate:59: rank=17 size=256
180000:0:16:EmberEngine:AllPingPong:generate:59: rank=16 size=256
180000:0:15:EmberEngine:AllPingPong:generate:59: rank=15 size=256
180000:0:14:EmberEngine:AllPingPong:generate:59: rank=14 size=256
180000:0:13:EmberEngine:AllPingPong:generate:59: rank=13 size=256
180000:0:12:EmberEngine:AllPingPong:generate:59: rank=12 size=256
180000:0:11:EmberEngine:AllPingPong:generate:59: rank=11 size=256
180000:0:10:EmberEngine:AllPingPong:generate:59: rank=10 size=256
180000:0:9:EmberEngine:AllPingPong:generate:59: rank=9 size=256
180000:0:8:EmberEngine:AllPingPong:generate:59: rank=8 size=256
180000:0:7:EmberEngine:AllPingPong:generate:59: rank=7 size=256
180000:0:6:EmberEngine:AllPingPong:generate:59: rank=6 size=256
180000:0:5:EmberEngine:AllPingPong:generate:59: rank=5 size=256
180000:0:4:EmberEngine:AllPingPong:generate:59: rank=4 size=256
180000:0:3:EmberEngine:AllPingPong:generate:59: rank=3 size=256
180000:0:2:EmberEngine:AllPingPong:generate:59: rank=2 size=256
180000:0:1:EmberEngine:AllPingPong:generate:59: rank=1 size=256
180000:0:0:EmberEngine:AllPingPong:generate:59: rank=0 size=256
162582345078:0:224:EmberEngine:AllPingPong:generate:59: rank=224 size=256
162582345078:0:226:EmberEngine:AllPingPong:generate:59: rank=226 size=256
162582345078:0:228:EmberEngine:AllPingPong:generate:59: rank=228 size=256
162582345078:0:230:EmberEngine:AllPingPong:generate:59: rank=230 size=256
162582345078:0:232:EmberEngine:AllPingPong:generate:59: rank=232 size=256
162582345078:0:234:EmberEngine:AllPingPong:generate:59: rank=234 size=256
162582345078:0:236:EmberEngine:AllPingPong:generate:59: rank=236 size=256
162582345078:0:238:EmberEngine:AllPingPong:generate:59: rank=238 size=256
162582345078:0:240:EmberEngine:AllPingPong:generate:59: rank=240 size=256
162582345078:0:242:EmberEngine:AllPingPong:generate:59: rank=242 size=256
162582345078:0:244:EmberEngine:AllPingPong:generate:59: rank=244 size=256
162582345078:0:246:EmberEngine:AllPingPong:generate:59: rank=246 size=256
162582345078:0:248:EmberEngine:AllPingPong:generate:59: rank=248 size=256
162582345078:0:250:EmberEngine:AllPingPong:generate:59: rank=250 size=256
162582345078:0:252:EmberEngine:AllPingPong:generate:59: rank=252 size=256
162582345078:0:254:EmberEngine:AllPingPong:generate:59: rank=254 size=256
162582865338:0:225:EmberEngine:AllPingPong:generate:59: rank=225 size=256
162582865338:0:227:EmberEngine:AllPingPong:generate:59: rank=227 size=256
162582865338:0:229:EmberEngine:AllPingPong:generate:59: rank=229 size=256
162582865338:0:231:EmberEngine:AllPingPong:generate:59: rank=231 size=256
162582865338:0:233:EmberEngine:AllPingPong:generate:59: rank=233 size=256
162582865338:0:235:EmberEngine:AllPingPong:generate:59: rank=235 size=256
162582865338:0:237:EmberEngine:AllPingPong:generate:59: rank=237 size=256
162582865338:0:239:EmberEngine:AllPingPong:generate:59: rank=239 size=256
162582865338:0:241:EmberEngine:AllPingPong:generate:59: rank=241 size=256
162582865338:0:243:EmberEngine:AllPingPong:generate:59: rank=243 size=256
162582865338:0:245:EmberEngine:AllPingPong:generate:59: rank=245 size=256
162582865338:0:247:EmberEngine:AllPingPong:generate:59: rank=247 size=256
162582865338:0:249:EmberEngine:AllPingPong:generate:59: rank=249 size=256
162582865338:0:251:EmberEngine:AllPingPong:generate:59: rank=251 size=256
162582865338:0:253:EmberEngine:AllPingPong:generate:59: rank=253 size=256
162582865338:0:255:EmberEngine:AllPingPong:generate:59: rank=255 size=256
162585166789:0:96:EmberEngine:AllPingPong:generate:59: rank=96 size=256
162585166789:0:98:EmberEngine:AllPingPong:generate:59: rank=98 size=256
162585166789:0:100:EmberEngine:AllPingPong:generate:59: rank=100 size=256
162585166789:0:102:EmberEngine:AllPingPong:generate:59: rank=102 size=256
162585166789:0:104:EmberEngine:AllPingPong:generate:59: rank=104 size=256
162585166789:0:106:EmberEngine:AllPingPong:generate:59: rank=106 size=256
162585166789:0:108:EmberEngine:AllPingPong:generate:59: rank=108 size=256
162585166789:0:110:EmberEngine:AllPingPong:generate:59: rank=110 size=256
162585166789:0:112:EmberEngine:AllPingPong:generate:59: rank=112 size=256
162585166789:0:114:EmberEngine:AllPingPong:generate:59: rank=114 size=256
162585166789:0:116:EmberEngine:AllPingPong:generate:59: rank=116 size=256
162585166789:0:118:EmberEngine:AllPingPong:generate:59: rank=118 size=256
162585166789:0:120:EmberEngine:AllPingPong:generate:59: rank=120 size=256
162585166789:0:122:EmberEngine:AllPingPong:generate:59: rank=122 size=256
162585166789:0:124:EmberEngine:AllPingPong:generate:59: rank=124 size=256
162585166789:0:126:EmberEngine:AllPingPong:generate:59: rank=126 size=256
162585687049:0:97:EmberEngine:AllPingPong:generate:59: rank=97 size=256
162585687049:0:99:EmberEngine:AllPingPong:generate:59: rank=99 size=256
162585687049:0:101:EmberEngine:AllPingPong:generate:59: rank=101 size=256
162585687049:0:103:EmberEngine:AllPingPong:generate:59: rank=103 size=256
162585687049:0:105:EmberEngine:AllPingPong:generate:59: rank=105 size=256
162585687049:0:107:EmberEngine:AllPingPong:generate:59: rank=107 size=256
162585687049:0:109:EmberEngine:AllPingPong:generate:59: rank=109 size=256
162585687049:0:111:EmberEngine:AllPingPong:generate:59: rank=111 size=256
162585687049:0:113:EmberEngine:AllPingPong:generate:59: rank=113 size=256
162585687049:0:115:EmberEngine:AllPingPong:generate:59: rank=115 size=256
162585687049:0:117:EmberEngine:AllPingPong:generate:59: rank=117 size=256
162585687049:0:119:EmberEngine:AllPingPong:generate:59: rank=119 size=256
162585687049:0:121:EmberEngine:AllPingPong:generate:59: rank=121 size=256
162585687049:0:123:EmberEngine:AllPingPong:generate:59: rank=123 size=256
162585687049:0:125:EmberEngine:AllPingPong:generate:59: rank=125 size=256
162585687049:0:127:EmberEngine:AllPingPong:generate:59: rank=127 size=256
162587374258:0:192:EmberEngine:AllPingPong:generate:59: rank=192 size=256
162587374258:0:194:EmberEngine:AllPingPong:generate:59: rank=194 size=256
162587374258:0:196:EmberEngine:AllPingPong:generate:59: rank=196 size=256
162587374258:0:198:EmberEngine:AllPingPong:generate:59: rank=198 size=256
162587374258:0:200:EmberEngine:AllPingPong:generate:59: rank=200 size=256
162587374258:0:202:EmberEngine:AllPingPong:generate:59: rank=202 size=256
162587374258:0:204:EmberEngine:AllPingPong:generate:59: rank=204 size=256
162587374258:0:206:EmberEngine:AllPingPong:generate:59: rank=206 size=256
162587374258:0:208:EmberEngine:AllPingPong:generate:59: rank=208 size=256
162587374258:0:210:EmberEngine:AllPingPong:generate:59: rank=210 size=256
162587374258:0:212:EmberEngine:AllPingPong:generate:59: rank=212 size=256
162587374258:0:214:EmberEngine:AllPingPong:generate:59: rank=214 size=256
162587374258:0:216:EmberEngine:AllPingPong:generate:59: rank=216 size=256
162587374258:0:218:EmberEngine:AllPingPong:generate:59: rank=218 size=256
162587374258:0:220:EmberEngine:AllPingPong:generate:59: rank=220 size=256
162587374258:0:222:EmberEngine:AllPingPong:generate:59: rank=222 size=256
162588058600:0:193:EmberEngine:AllPingPong:generate:59: rank=193 size=256
162588058600:0:195:EmberEngine:AllPingPong:generate:59: rank=195 size=256
162588058600:0:197:EmberEngine:AllPingPong:generate:59: rank=197 size=256
162588058600:0:199:EmberEngine:AllPingPong:generate:59: rank=199 size=256
162588058600:0:201:EmberEngine:AllPingPong:generate:59: rank=201 size=256
162588058600:0:203:EmberEngine:AllPingPong:generate:59: rank=203 size=256
162588058600:0:205:EmberEngine:AllPingPong:generate:59: rank=205 size=256
162588058600:0:207:EmberEngine:AllPingPong:generate:59: rank=207 size=256
162588058600:0:209:EmberEngine:AllPingPong:generate:59: rank=209 size=256
162588058600:0:211:EmberEngine:AllPingPong:generate:59: rank=211 size=256
162588058600:0:213:EmberEngine:AllPingPong:generate:59: rank=213 size=256
162588058600:0:215:EmberEngine:AllPingPong:generate:59: rank=215 size=256
162588058600:0:217:EmberEngine:AllPingPong:generate:59: rank=217 size=256
162588058600:0:219:EmberEngine:AllPingPong:generate:59: rank=219 size=256
162588058600:0:221:EmberEngine:AllPingPong:generate:59: rank=221 size=256
162588058600:0:223:EmberEngine:AllPingPong:generate:59: rank=223 size=256
162589576025:0:160:EmberEngine:AllPingPong:generate:59: rank=160 size=256
162589576025:0:162:EmberEngine:AllPingPong:generate:59: rank=162 size=256
162589576025:0:164:EmberEngine:AllPingPong:generate:59: rank=164 size=256
162589576025:0:166:EmberEngine:AllPingPong:generate:59: rank=166 size=256
162589576025:0:168:EmberEngine:AllPingPong:generate:59: rank=168 size=256
162589576025:0:170:EmberEngine:AllPingPong:generate:59: rank=170 size=256
162589576025:0:172:EmberEngine:AllPingPong:generate:59: rank=172 size=256
162589576025:0:174:EmberEngine:AllPingPong:generate:59: rank=174 size=256
162589576025:0:176:EmberEngine:AllPingPong:generate:59: rank=176 size=256
162589576025:0:178:EmberEngine:AllPingPong:generate:59: rank=178 size=256
162589576025:0:180:EmberEngine:AllPingPong:generate:59: rank=180 size=256
162589576025:0:182:EmberEngine:AllPingPong:generate:59: rank=182 size=256
162589576025:0:184:EmberEngine:AllPingPong:generate:59: rank=184 size=256
162589576025:0:186:EmberEngine:AllPingPong:generate:59: rank=186 size=256
162589576025:0:188:EmberEngine:AllPingPong:generate:59: rank=188 size=256
162589576025:0:190:EmberEngine:AllPingPong:generate:59: rank=190 size=256
162590107258:0:64:EmberEngine:AllPingPong:generate:59: rank=64 size=256
162590107258:0:66:EmberEngine:AllPingPong:generate:59: rank=66 size=256
162590107258:0:68:EmberEngine:AllPingPong:generate:59: rank=68 size=256
162590107258:0:70:EmberEngine:AllPingPong:generate:59: rank=70 size=256
162590107258:0:72:EmberEngine:AllPingPong:generate:59: rank=72 size=256
162590107258:0:74:EmberEngine:AllPingPong:generate:59: rank=74 size=256
162590107258:0:76:EmberEngine:AllPingPong:generate:59: rank=76 size=256
162590107258:0:78:EmberEngine:AllPingPong:generate:59: rank=78 size=256
162590107258:0:80:EmberEngine:AllPingPong:generate:59: rank=80 size=256
162590107258:0:82:EmberEngine:AllPingPong:generate:59: rank=82 size=256
162590107258:0:84:EmberEngine:AllPingPong:generate:59: rank=84 size=256
162590107258:0:86:EmberEngine:AllPingPong:generate:59: rank=86 size=256
162590107258:0:88:EmberEngine:AllPingPong:generate:59: rank=88 size=256
162590107258:0:90:EmberEngine:AllPingPong:generate:59: rank=90 size=256
162590107258:0:92:EmberEngine:AllPingPong:generate:59: rank=92 size=256
162590107258:0:94:EmberEngine:AllPingPong:generate:59: rank=94 size=256
162590794935:0:65:EmberEngine:AllPingPong:generate:59: rank=65 size=256
162590794935:0:67:EmberEngine:AllPingPong:generate:59: rank=67 size=256
162590794935:0:69:EmberEngine:AllPingPong:generate:59: rank=69 size=256
162590794935:0:71:EmberEngine:AllPingPong:generate:59: rank=71 size=256
162590794935:0:73:EmberEngine:AllPingPong:generate:59: rank=73 size=256
162590794935:0:75:EmberEngine:AllPingPong:generate:59: rank=75 size=256
162590794935:0:77:EmberEngine:AllPingPong:generate:59: rank=77 size=256
162590794935:0:79:EmberEngine:AllPingPong:generate:59: rank=79 size=256
162590794935:0:81:EmberEngine:AllPingPong:generate:59: rank=81 size=256
162590794935:0:83:EmberEngine:AllPingPong:generate:59: rank=83 size=256
162590794935:0:85:EmberEngine:AllPingPong:generate:59: rank=85 size=256
162590794935:0:87:EmberEngine:AllPingPong:generate:59: rank=87 size=256
162590794935:0:89:EmberEngine:AllPingPong:generate:59: rank=89 size=256
162590794935:0:91:EmberEngine:AllPingPong:generate:59: rank=91 size=256
162590794935:0:93:EmberEngine:AllPingPong:generate:59: rank=93 size=256
162590794935:0:95:EmberEngine:AllPingPong:generate:59: rank=95 size=256
162592397379:0:32:EmberEngine:AllPingPong:generate:59: rank=32 size=256
162592397379:0:34:EmberEngine:AllPingPong:generate:59: rank=34 size=256
162592397379:0:36:EmberEngine:AllPingPong:generate:59: rank=36 size=256
162592397379:0:38:EmberEngine:AllPingPong:generate:59: rank=38 size=256
162592397379:0:40:EmberEngine:AllPingPong:generate:59: rank=40 size=256
162592397379:0:42:EmberEngine:AllPingPong:generate:59: rank=42 size=256
162592397379:0:44:EmberEngine:AllPingPong:generate:59: rank=44 size=256
162592397379:0:46:EmberEngine:AllPingPong:generate:59: rank=46 size=256
162592397379:0:48:EmberEngine:AllPingPong:generate:59: rank=48 size=256
162592397379:0:50:EmberEngine:AllPingPong:generate:59: rank=50 size=256
162592397379:0:52:EmberEngine:AllPingPong:generate:59: rank=52 size=256
162592397379:0:54:EmberEngine:AllPingPong:generate:59: rank=54 size=256
162592397379:0:56:EmberEngine:AllPingPong:generate:59: rank=56 size=256
162592397379:0:58:EmberEngine:AllPingPong:generate:59: rank=58 size=256
162592397379:0:60:EmberEngine:AllPingPong:generate:59: rank=60 size=256
162592397379:0:62:EmberEngine:AllPingPong:generate:59: rank=62 size=256
162599330900:0:161:EmberEngine:AllPingPong:generate:59: rank=161 size=256
162599330900:0:163:EmberEngine:AllPingPong:generate:59: rank=163 size=256
162599330900:0:165:EmberEngine:AllPingPong:generate:59: rank=165 size=256
162599330900:0:167:EmberEngine:AllPingPong:generate:59: rank=167 size=256
162599330900:0:169:EmberEngine:AllPingPong:generate:59: rank=169 size=256
162599330900:0:171:EmberEngine:AllPingPong:generate:59: rank=171 size=256
162599330900:0:173:EmberEngine:AllPingPong:generate:59: rank=173 size=256
162599330900:0:175:EmberEngine:AllPingPong:generate:59: rank=175 size=256
162599330900:0:177:EmberEngine:AllPingPong:generate:59: rank=177 size=256
162599330900:0:179:EmberEngine:AllPingPong:generate:59: rank=179 size=256
162599330900:0:181:EmberEngine:AllPingPong:generate:59: rank=181 size=256
162599330900:0:183:EmberEngine:AllPingPong:generate:59: rank=183 size=256
162599330900:0:185:EmberEngine:AllPingPong:generate:59: rank=185 size=256
162599330900:0:187:EmberEngine:AllPingPong:generate:59: rank=187 size=256
162599330900:0:189:EmberEngine:AllPingPong:generate:59: rank=189 size=256
162599330900:0:191:EmberEngine:AllPingPong:generate:59: rank=191 size=256
162599908522:0:128:EmberEngine:AllPingPong:generate:59: rank=128 size=256
162599908522:0:130:EmberEngine:AllPingPong:generate:59: rank=130 size=256
162599908522:0:132:EmberEngine:AllPingPong:generate:59: rank=132 size=256
162599908522:0:134:EmberEngine:AllPingPong:generate:59: rank=134 size=256
162599908522:0:136:EmberEngine:AllPingPong:generate:59: rank=136 size=256
162599908522:0:138:EmberEngine:AllPingPong:generate:59: rank=138 size=256
162599908522:0:140:EmberEngine:AllPingPong:generate:59: rank=140 size=256
162599908522:0:142:EmberEngine:AllPingPong:generate:59: rank=142 size=256
162599908522:0:144:EmberEngine:AllPingPong:generate:59: rank=144 size=256
162599908522:0:146:EmberEngine:AllPingPong:generate:59: rank=146 size=256
162599908522:0:148:EmberEngine:AllPingPong:generate:59: rank=148 size=256
162599908522:0:150:EmberEngine:AllPingPong:generate:59: rank=150 size=256
162599908522:0:152:EmberEngine:AllPingPong:generate:59: rank=152 size=256
162599908522:0:154:EmberEngine:AllPingPong:generate:59: rank=154 size=256
162599908522:0:156:EmberEngine:AllPingPong:generate:59: rank=156 size=256
162599908522:0:158:EmberEngine:AllPingPong:generate:59: rank=158 size=256
162601618710:0:129:EmberEngine:AllPingPong:generate:59: rank=129 size=256
162601618710:0:131:EmberEngine:AllPingPong:generate:59: rank=131 size=256
162601618710:0:133:EmberEngine:AllPingPong:generate:59: rank=133 size=256
162601618710:0:135:EmberEngine:AllPingPong:generate:59: rank=135 size=256
162601618710:0:137:EmberEngine:AllPingPong:generate:59: rank=137 size=256
162601618710:0:139:EmberEngine:AllPingPong:generate:59: rank=139 size=256
162601618710:0:141:EmberEngine:AllPingPong:generate:59: rank=141 size=256
162601618710:0:143:EmberEngine:AllPingPong:generate:59: rank=143 size=256
162601618710:0:145:EmberEngine:AllPingPong:generate:59: rank=145 size=256
162601618710:0:147:EmberEngine:AllPingPong:generate:59: rank=147 size=256
162601618710:0:149:EmberEngine:AllPingPong:generate:59: rank=149 size=256
162601618710:0:151:EmberEngine:AllPingPong:generate:59: rank=151 size=256
162601618710:0:153:EmberEngine:AllPingPong:generate:59: rank=153 size=256
162601618710:0:155:EmberEngine:AllPingPong:generate:59: rank=155 size=256
162601618710:0:157:EmberEngine:AllPingPong:generate:59: rank=157 size=256
162601618710:0:159:EmberEngine:AllPingPong:generate:59: rank=159 size=256
162602152483:0:33:EmberEngine:AllPingPong:generate:59: rank=33 size=256
162602152483:0:35:EmberEngine:AllPingPong:generate:59: rank=35 size=256
162602152483:0:37:EmberEngine:AllPingPong:generate:59: rank=37 size=256
162602152483:0:39:EmberEngine:AllPingPong:generate:59: rank=39 size=256
162602152483:0:41:EmberEngine:AllPingPong:generate:59: rank=41 size=256
162602152483:0:43:EmberEngine:AllPingPong:generate:59: rank=43 size=256
162602152483:0:45:EmberEngine:AllPingPong:generate:59: rank=45 size=256
162602152483:0:47:EmberEngine:AllPingPong:generate:59: rank=47 size=256
162602152483:0:49:EmberEngine:AllPingPong:generate:59: rank=49 size=256
162602152483:0:51:EmberEngine:AllPingPong:generate:59: rank=51 size=256
162602152483:0:53:EmberEngine:AllPingPong:generate:59: rank=53 size=256
162602152483:0:55:EmberEngine:AllPingPong:generate:59: rank=55 size=256
162602152483:0:57:EmberEngine:AllPingPong:generate:59: rank=57 size=256
162602152483:0:59:EmberEngine:AllPingPong:generate:59: rank=59 size=256
162602152483:0:61:EmberEngine:AllPingPong:generate:59: rank=61 size=256
162602152483:0:63:EmberEngine:AllPingPong:generate:59: rank=63 size=256
AllPingPong: total time 162602.549 us, loop 325, bufLen 20510, latency 250.158 us. bandwidth 0.081988 GB/s
162602729849:0:0:EmberEngine:AllPingPong:generate:59: rank=0 size=256
162602729849:0:2:EmberEngine:AllPingPong:generate:59: rank=2 size=256
162602729849:0:4:EmberEngine:AllPingPong:generate:59: rank=4 size=256
162602729849:0:6:EmberEngine:AllPingPong:generate:59: rank=6 size=256
162602729849:0:8:EmberEngine:AllPingPong:generate:59: rank=8 size=256
162602729849:0:10:EmberEngine:AllPingPong:generate:59: rank=10 size=256
162602729849:0:12:EmberEngine:AllPingPong:generate:59: rank=12 size=256
162602729849:0:14:EmberEngine:AllPingPong:generate:59: rank=14 size=256
162602729849:0:16:EmberEngine:AllPingPong:generate:59: rank=16 size=256
162602729849:0:18:EmberEngine:AllPingPong:generate:59: rank=18 size=256
162602729849:0:20:EmberEngine:AllPingPong:generate:59: rank=20 size=256
162602729849:0:22:EmberEngine:AllPingPong:generate:59: rank=22 size=256
162602729849:0:24:EmberEngine:AllPingPong:generate:59: rank=24 size=256
162602729849:0:26:EmberEngine:AllPingPong:generate:59: rank=26 size=256
162602729849:0:28:EmberEngine:AllPingPong:generate:59: rank=28 size=256
162602729849:0:30:EmberEngine:AllPingPong:generate:59: rank=30 size=256
162604440475:0:1:EmberEngine:AllPingPong:generate:59: rank=1 size=256
162604440475:0:3:EmberEngine:AllPingPong:generate:59: rank=3 size=256
162604440475:0:5:EmberEngine:AllPingPong:generate:59: rank=5 size=256
162604440475:0:7:EmberEngine:AllPingPong:generate:59: rank=7 size=256
162604440475:0:9:EmberEngine:AllPingPong:generate:59: rank=9 size=256
162604440475:0:11:EmberEngine:AllPingPong:generate:59: rank=11 size=256
162604440475:0:13:EmberEngine:AllPingPong:generate:59: rank=13 size=256
162604440475:0:15:EmberEngine:AllPingPong:generate:59: rank=15 size=256
162604440475:0:17:EmberEngine:AllPingPong:generate:59: rank=17 size=256
162604440475:0:19:EmberEngine:AllPingPong:generate:59: rank=19 size=256
162604440475:0:21:EmberEngine:AllPingPong:generate:59: rank=21 size=256
162604440475:0:23:EmberEngine:AllPingPong:generate:59: rank=23 size=256
162604440475:0:25:EmberEngine:AllPingPong:generate:59: rank=25 size=256
162604440475:0:27:EmberEngine:AllPingPong:generate:59: rank=27 size=256
162604440475:0:29:EmberEngine:AllPingPong:generate:59: rank=29 size=256
162604440475:0:31:EmberEngine:AllPingPong:generate:59: rank=31 size=256
318392926754:0:224:EmberEngine:AllPingPong:generate:59: rank=224 size=256
318392926754:0:226:EmberEngine:AllPingPong:generate:59: rank=226 size=256
318392926754:0:228:EmberEngine:AllPingPong:generate:59: rank=228 size=256
318392926754:0:230:EmberEngine:AllPingPong:generate:59: rank=230 size=256
318392926754:0:232:EmberEngine:AllPingPong:generate:59: rank=232 size=256
318392926754:0:234:EmberEngine:AllPingPong:generate:59: rank=234 size=256
318392926754:0:236:EmberEngine:AllPingPong:generate:59: rank=236 size=256
318392926754:0:238:EmberEngine:AllPingPong:generate:59: rank=238 size=256
318392926754:0:240:EmberEngine:AllPingPong:generate:59: rank=240 size=256
318392926754:0:242:EmberEngine:AllPingPong:generate:59: rank=242 size=256
318392926754:0:244:EmberEngine:AllPingPong:generate:59: rank=244 size=256
318392926754:0:246:EmberEngine:AllPingPong:generate:59: rank=246 size=256
318392926754:0:248:EmberEngine:AllPingPong:generate:59: rank=248 size=256
318392926754:0:250:EmberEngine:AllPingPong:generate:59: rank=250 size=256
318392926754:0:252:EmberEngine:AllPingPong:generate:59: rank=252 size=256
318392926754:0:254:EmberEngine:AllPingPong:generate:59: rank=254 size=256
318394437604:0:96:EmberEngine:AllPingPong:generate:59: rank=96 size=256
318394437604:0:98:EmberEngine:AllPingPong:generate:59: rank=98 size=256
318394437604:0:100:EmberEngine:AllPingPong:generate:59: rank=100 size=256
318394437604:0:102:EmberEngine:AllPingPong:generate:59: rank=102 size=256
318394437604:0:104:EmberEngine:AllPingPong:generate:59: rank=104 size=256
318394437604:0:106:EmberEngine:AllPingPong:generate:59: rank=106 size=256
318394437604:0:108:EmberEngine:AllPingPong:generate:59: rank=108 size=256
318394437604:0:110:EmberEngine:AllPingPong:generate:59: rank=110 size=256
318394437604:0:112:EmberEngine:AllPingPong:generate:59: rank=112 size=256
318394437604:0:114:EmberEngine:AllPingPong:generate:59: rank=114 size=256
318394437604:0:116:EmberEngine:AllPingPong:generate:59: rank=116 size=256
318394437604:0:118:EmberEngine:AllPingPong:generate:59: rank=118 size=256
318394437604:0:120:EmberEngine:AllPingPong:generate:59: rank=120 size=256
318394437604:0:122:EmberEngine:AllPingPong:generate:59: rank=122 size=256
318394437604:0:124:EmberEngine:AllPingPong:generate:59: rank=124 size=256
318394437604:0:126:EmberEngine:AllPingPong:generate:59: rank=126 size=256
318447127174:0:225:EmberEngine:AllPingPong:generate:59: rank=225 size=256
318447127174:0:227:EmberEngine:AllPingPong:generate:59: rank=227 size=256
318447127174:0:229:EmberEngine:AllPingPong:generate:59: rank=229 size=256
318447127174:0:231:EmberEngine:AllPingPong:generate:59: rank=231 size=256
318447127174:0:233:EmberEngine:AllPingPong:generate:59: rank=233 size=256
318447127174:0:235:EmberEngine:AllPingPong:generate:59: rank=235 size=256
318447127174:0:237:EmberEngine:AllPingPong:generate:59: rank=237 size=256
318447127174:0:239:EmberEngine:AllPingPong:generate:59: rank=239 size=256
318447127174:0:241:EmberEngine:AllPingPong:generate:59: rank=241 size=256
318447127174:0:243:EmberEngine:AllPingPong:generate:59: rank=243 size=256
318447127174:0:245:EmberEngine:AllPingPong:generate:59: rank=245 size=256
318447127174:0:247:EmberEngine:AllPingPong:generate:59: rank=247 size=256
318447127174:0:249:EmberEngine:AllPingPong:generate:59: rank=249 size=256
318447127174:0:251:EmberEngine:AllPingPong:generate:59: rank=251 size=256
318447127174:0:253:EmberEngine:AllPingPong:generate:59: rank=253 size=256
318447127174:0:255:EmberEngine:AllPingPong:generate:59: rank=255 size=256
318447820854:0:192:EmberEngine:AllPingPong:generate:59: rank=192 size=256
318447820854:0:194:EmberEngine:AllPingPong:generate:59: rank=194 size=256
318447820854:0:196:EmberEngine:AllPingPong:generate:59: rank=196 size=256
318447820854:0:198:EmberEngine:AllPingPong:generate:59: rank=198 size=256
318447820854:0:200:EmberEngine:AllPingPong:generate:59: rank=200 size=256
318447820854:0:202:EmberEngine:AllPingPong:generate:59: rank=202 size=256
318447820854:0:204:EmberEngine:AllPingPong:generate:59: rank=204 size=256
318447820854:0:206:EmberEngine:AllPingPong:generate:59: rank=206 size=256
318447820854:0:208:EmberEngine:AllPingPong:generate:59: rank=208 size=256
318447820854:0:210:EmberEngine:AllPingPong:generate:59: rank=210 size=256
318447820854:0:212:EmberEngine:AllPingPong:generate:59: rank=212 size=256
318447820854:0:214:EmberEngine:AllPingPong:generate:59: rank=214 size=256
318447820854:0:216:EmberEngine:AllPingPong:generate:59: rank=216 size=256
318447820854:0:218:EmberEngine:AllPingPong:generate:59: rank=218 size=256
318447820854:0:220:EmberEngine:AllPingPong:generate:59: rank=220 size=256
318447820854:0:222:EmberEngine:AllPingPong:generate:59: rank=222 size=256
318448697959:0:193:EmberEngine:AllPingPong:generate:59: rank=193 size=256
318448697959:0:195:EmberEngine:AllPingPong:generate:59: rank=195 size=256
318448697959:0:197:EmberEngine:AllPingPong:generate:59: rank=197 size=256
318448697959:0:199:EmberEngine:AllPingPong:generate:59: rank=199 size=256
318448697959:0:201:EmberEngine:AllPingPong:generate:59: rank=201 size=256
318448697959:0:203:EmberEngine:AllPingPong:generate:59: rank=203 size=256
318448697959:0:205:EmberEngine:AllPingPong:generate:59: rank=205 size=256
318448697959:0:207:EmberEngine:AllPingPong:generate:59: rank=207 size=256
318448697959:0:209:EmberEngine:AllPingPong:generate:59: rank=209 size=256
318448697959:0:211:EmberEngine:AllPingPong:generate:59: rank=211 size=256
318448697959:0:213:EmberEngine:AllPingPong:generate:59: rank=213 size=256
318448697959:0:215:EmberEngine:AllPingPong:generate:59: rank=215 size=256
318448697959:0:217:EmberEngine:AllPingPong:generate:59: rank=217 size=256
318448697959:0:219:EmberEngine:AllPingPong:generate:59: rank=219 size=256
318448697959:0:221:EmberEngine:AllPingPong:generate:59: rank=221 size=256
318448697959:0:223:EmberEngine:AllPingPong:generate:59: rank=223 size=256
318448808621:0:97:EmberEngine:AllPingPong:generate:59: rank=97 size=256
318448808621:0:99:EmberEngine:AllPingPong:generate:59: rank=99 size=256
318448808621:0:101:EmberEngine:AllPingPong:generate:59: rank=101 size=256
318448808621:0:103:EmberEngine:AllPingPong:generate:59: rank=103 size=256
318448808621:0:105:EmberEngine:AllPingPong:generate:59: rank=105 size=256
318448808621:0:107:EmberEngine:AllPingPong:generate:59: rank=107 size=256
318448808621:0:109:EmberEngine:AllPingPong:generate:59: rank=109 size=256
318448808621:0:111:EmberEngine:AllPingPong:generate:59: rank=111 size=256
318448808621:0:113:EmberEngine:AllPingPong:generate:59: rank=113 size=256
318448808621:0:115:EmberEngine:AllPingPong:generate:59: rank=115 size=256
318448808621:0:117:EmberEngine:AllPingPong:generate:59: rank=117 size=256
318448808621:0:119:EmberEngine:AllPingPong:generate:59: rank=119 size=256
318448808621:0:121:EmberEngine:AllPingPong:generate:59: rank=121 size=256
318448808621:0:123:EmberEngine:AllPingPong:generate:59: rank=123 size=256
318448808621:0:125:EmberEngine:AllPingPong:generate:59: rank=125 size=256
318448808621:0:127:EmberEngine:AllPingPong:generate:59: rank=127 size=256
318449391639:0:160:EmberEngine:AllPingPong:generate:59: rank=160 size=256
318449391639:0:162:EmberEngine:AllPingPong:generate:59: rank=162 size=256
318449391639:0:164:EmberEngine:AllPingPong:generate:59: rank=164 size=256
318449391639:0:166:EmberEngine:AllPingPong:generate:59: rank=166 size=256
318449391639:0:168:EmberEngine:AllPingPong:generate:59: rank=168 size=256
318449391639:0:170:EmberEngine:AllPingPong:generate:59: rank=170 size=256
318449391639:0:172:EmberEngine:AllPingPong:generate:59: rank=172 size=256
318449391639:0:174:EmberEngine:AllPingPong:generate:59: rank=174 size=256
318449391639:0:176:EmberEngine:AllPingPong:generate:59: rank=176 size=256
318449391639:0:178:EmberEngine:AllPingPong:generate:59: rank=178 size=256
318449391639:0:180:EmberEngine:AllPingPong:generate:59: rank=180 size=256
318449391639:0:182:EmberEngine:AllPingPong:generate:59: rank=182 size=256
318449391639:0:184:EmberEngine:AllPingPong:generate:59: rank=184 size=256
318449391639:0:186:EmberEngine:AllPingPong:generate:59: rank=186 size=256
318449391639:0:188:EmberEngine:AllPingPong:generate:59: rank=188 size=256
318449391639:0:190:EmberEngine:AllPingPong:generate:59: rank=190 size=256
318449453893:0:64:EmberEngine:AllPingPong:generate:59: rank=64 size=256
318449453893:0:66:EmberEngine:AllPingPong:generate:59: rank=66 size=256
318449453893:0:68:EmberEngine:AllPingPong:generate:59: rank=68 size=256
318449453893:0:70:EmberEngine:AllPingPong:generate:59: rank=70 size=256
318449453893:0:72:EmberEngine:AllPingPong:generate:59: rank=72 size=256
318449453893:0:74:EmberEngine:AllPingPong:generate:59: rank=74 size=256
318449453893:0:76:EmberEngine:AllPingPong:generate:59: rank=76 size=256
318449453893:0:78:EmberEngine:AllPingPong:generate:59: rank=78 size=256
318449453893:0:80:EmberEngine:AllPingPong:generate:59: rank=80 size=256
318449453893:0:82:EmberEngine:AllPingPong:generate:59: rank=82 size=256
318449453893:0:84:EmberEngine:AllPingPong:generate:59: rank=84 size=256
318449453893:0:86:EmberEngine:AllPingPong:generate:59: rank=86 size=256
318449453893:0:88:EmberEngine:AllPingPong:generate:59: rank=88 size=256
318449453893:0:90:EmberEngine:AllPingPong:generate:59: rank=90 size=256
318449453893:0:92:EmberEngine:AllPingPong:generate:59: rank=92 size=256
318449453893:0:94:EmberEngine:AllPingPong:generate:59: rank=94 size=256
318450379406:0:65:EmberEngine:AllPingPong:generate:59: rank=65 size=256
318450379406:0:67:EmberEngine:AllPingPong:generate:59: rank=67 size=256
318450379406:0:69:EmberEngine:AllPingPong:generate:59: rank=69 size=256
318450379406:0:71:EmberEngine:AllPingPong:generate:59: rank=71 size=256
318450379406:0:73:EmberEngine:AllPingPong:generate:59: rank=73 size=256
318450379406:0:75:EmberEngine:AllPingPong:generate:59: rank=75 size=256
318450379406:0:77:EmberEngine:AllPingPong:generate:59: rank=77 size=256
318450379406:0:79:EmberEngine:AllPingPong:generate:59: rank=79 size=256
318450379406:0:81:EmberEngine:AllPingPong:generate:59: rank=81 size=256
318450379406:0:83:EmberEngine:AllPingPong:generate:59: rank=83 size=256
318450379406:0:85:EmberEngine:AllPingPong:generate:59: rank=85 size=256
318450379406:0:87:EmberEngine:AllPingPong:generate:59: rank=87 size=256
318450379406:0:89:EmberEngine:AllPingPong:generate:59: rank=89 size=256
318450379406:0:91:EmberEngine:AllPingPong:generate:59: rank=91 size=256
318450379406:0:93:EmberEngine:AllPingPong:generate:59: rank=93 size=256
318450379406:0:95:EmberEngine:AllPingPong:generate:59: rank=95 size=256
318451024678:0:32:EmberEngine:AllPingPong:generate:59: rank=32 size=256
318451024678:0:34:EmberEngine:AllPingPong:generate:59: rank=34 size=256
318451024678:0:36:EmberEngine:AllPingPong:generate:59: rank=36 size=256
318451024678:0:38:EmberEngine:AllPingPong:generate:59: rank=38 size=256
318451024678:0:40:EmberEngine:AllPingPong:generate:59: rank=40 size=256
318451024678:0:42:EmberEngine:AllPingPong:generate:59: rank=42 size=256
318451024678:0:44:EmberEngine:AllPingPong:generate:59: rank=44 size=256
318451024678:0:46:EmberEngine:AllPingPong:generate:59: rank=46 size=256
318451024678:0:48:EmberEngine:AllPingPong:generate:59: rank=48 size=256
318451024678:0:50:EmberEngine:AllPingPong:generate:59: rank=50 size=256
318451024678:0:52:EmberEngine:AllPingPong:generate:59: rank=52 size=256
318451024678:0:54:EmberEngine:AllPingPong:generate:59: rank=54 size=256
318451024678:0:56:EmberEngine:AllPingPong:generate:59: rank=56 size=256
318451024678:0:58:EmberEngine:AllPingPong:generate:59: rank=58 size=256
318451024678:0:60:EmberEngine:AllPingPong:generate:59: rank=60 size=256
318451024678:0:62:EmberEngine:AllPingPong:generate:59: rank=62 size=256
318572296906:0:161:EmberEngine:AllPingPong:generate:59: rank=161 size=256
318572296906:0:163:EmberEngine:AllPingPong:generate:59: rank=163 size=256
318572296906:0:165:EmberEngine:AllPingPong:generate:59: rank=165 size=256
318572296906:0:167:EmberEngine:AllPingPong:generate:59: rank=167 size=256
318572296906:0:169:EmberEngine:AllPingPong:generate:59: rank=169 size=256
318572296906:0:171:EmberEngine:AllPingPong:generate:59: rank=171 size=256
318572296906:0:173:EmberEngine:AllPingPong:generate:59: rank=173 size=256
318572296906:0:175:EmberEngine:AllPingPong:generate:59: rank=175 size=256
318572296906:0:177:EmberEngine:AllPingPong:generate:59: rank=177 size=256
318572296906:0:179:EmberEngine:AllPingPong:generate:59: rank=179 size=256
318572296906:0:181:EmberEngine:AllPingPong:generate:59: rank=181 size=256
318572296906:0:183:EmberEngine:AllPingPong:generate:59: rank=183 size=256
318572296906:0:185:EmberEngine:AllPingPong:generate:59: rank=185 size=256
318572296906:0:187:EmberEngine:AllPingPong:generate:59: rank=187 size=256
318572296906:0:189:EmberEngine:AllPingPong:generate:59: rank=189 size=256
318572296906:0:191:EmberEngine:AllPingPong:generate:59: rank=191 size=256
318572819450:0:128:EmberEngine:AllPingPong:generate:59: rank=128 size=256
318572819450:0:130:EmberEngine:AllPingPong:generate:59: rank=130 size=256
318572819450:0:132:EmberEngine:AllPingPong:generate:59: rank=132 size=256
318572819450:0:134:EmberEngine:AllPingPong:generate:59: rank=134 size=256
318572819450:0:136:EmberEngine:AllPingPong:generate:59: rank=136 size=256
318572819450:0:138:EmberEngine:AllPingPong:generate:59: rank=138 size=256
318572819450:0:140:EmberEngine:AllPingPong:generate:59: rank=140 size=256
318572819450:0:142:EmberEngine:AllPingPong:generate:59: rank=142 size=256
318572819450:0:144:EmberEngine:AllPingPong:generate:59: rank=144 size=256
318572819450:0:146:EmberEngine:AllPingPong:generate:59: rank=146 size=256
318572819450:0:148:EmberEngine:AllPingPong:generate:59: rank=148 size=256
318572819450:0:150:EmberEngine:AllPingPong:generate:59: rank=150 size=256
318572819450:0:152:EmberEngine:AllPingPong:generate:59: rank=152 size=256
318572819450:0:154:EmberEngine:AllPingPong:generate:59: rank=154 size=256
318572819450:0:156:EmberEngine:AllPingPong:generate:59: rank=156 size=256
318572819450:0:158:EmberEngine:AllPingPong:generate:59: rank=158 size=256
318573574366:0:129:EmberEngine:AllPingPong:generate:59: rank=129 size=256
318573574366:0:131:EmberEngine:AllPingPong:generate:59: rank=131 size=256
318573574366:0:133:EmberEngine:AllPingPong:generate:59: rank=133 size=256
318573574366:0:135:EmberEngine:AllPingPong:generate:59: rank=135 size=256
318573574366:0:137:EmberEngine:AllPingPong:generate:59: rank=137 size=256
318573574366:0:139:EmberEngine:AllPingPong:generate:59: rank=139 size=256
318573574366:0:141:EmberEngine:AllPingPong:generate:59: rank=141 size=256
318573574366:0:143:EmberEngine:AllPingPong:generate:59: rank=143 size=256
318573574366:0:145:EmberEngine:AllPingPong:generate:59: rank=145 size=256
318573574366:0:147:EmberEngine:AllPingPong:generate:59: rank=147 size=256
318573574366:0:149:EmberEngine:AllPingPong:generate:59: rank=149 size=256
318573574366:0:151:EmberEngine:AllPingPong:generate:59: rank=151 size=256
318573574366:0:153:EmberEngine:AllPingPong:generate:59: rank=153 size=256
318573574366:0:155:EmberEngine:AllPingPong:generate:59: rank=155 size=256
318573574366:0:157:EmberEngine:AllPingPong:generate:59: rank=157 size=256
318573574366:0:159:EmberEngine:AllPingPong:generate:59: rank=159 size=256
318574149260:0:33:EmberEngine:AllPingPong:generate:59: rank=33 size=256
318574149260:0:35:EmberEngine:AllPingPong:generate:59: rank=35 size=256
318574149260:0:37:EmberEngine:AllPingPong:generate:59: rank=37 size=256
318574149260:0:39:EmberEngine:AllPingPong:generate:59: rank=39 size=256
318574149260:0:41:EmberEngine:AllPingPong:generate:59: rank=41 size=256
318574149260:0:43:EmberEngine:AllPingPong:generate:59: rank=43 size=256
318574149260:0:45:EmberEngine:AllPingPong:generate:59: rank=45 size=256
318574149260:0:47:EmberEngine:AllPingPong:generate:59: rank=47 size=256
318574149260:0:49:EmberEngine:AllPingPong:generate:59: rank=49 size=256
318574149260:0:51:EmberEngine:AllPingPong:generate:59: rank=51 size=256
318574149260:0:53:EmberEngine:AllPingPong:generate:59: rank=53 size=256
318574149260:0:55:EmberEngine:AllPingPong:generate:59: rank=55 size=256
318574149260:0:57:EmberEngine:AllPingPong:generate:59: rank=57 size=256
318574149260:0:59:EmberEngine:AllPingPong:generate:59: rank=59 size=256
318574149260:0:61:EmberEngine:AllPingPong:generate:59: rank=61 size=256
318574149260:0:63:EmberEngine:AllPingPong:generate:59: rank=63 size=256
AllPingPong: total time 155971.894 us, loop 325, bufLen 9000, latency 239.957 us. bandwidth 0.037507 GB/s
318574623908:0:0:EmberEngine:AllPingPong:generate:59: rank=0 size=256
318574623908:0:2:EmberEngine:AllPingPong:generate:59: rank=2 size=256
318574623908:0:4:EmberEngine:AllPingPong:generate:59: rank=4 size=256
318574623908:0:6:EmberEngine:AllPingPong:generate:59: rank=6 size=256
318574623908:0:8:EmberEngine:AllPingPong:generate:59: rank=8 size=256
318574623908:0:10:EmberEngine:AllPingPong:generate:59: rank=10 size=256
318574623908:0:12:EmberEngine:AllPingPong:generate:59: rank=12 size=256
318574623908:0:14:EmberEngine:AllPingPong:generate:59: rank=14 size=256
318574623908:0:16:EmberEngine:AllPingPong:generate:59: rank=16 size=256
318574623908:0:18:EmberEngine:AllPingPong:generate:59: rank=18 size=256
318574623908:0:20:EmberEngine:AllPingPong:generate:59: rank=20 size=256
318574623908:0:22:EmberEngine:AllPingPong:generate:59: rank=22 size=256
318574623908:0:24:EmberEngine:AllPingPong:generate:59: rank=24 size=256
318574623908:0:26:EmberEngine:AllPingPong:generate:59: rank=26 size=256
318574623908:0:28:EmberEngine:AllPingPong:generate:59: rank=28 size=256
318574623908:0:30:EmberEngine:AllPingPong:generate:59: rank=30 size=256
318575378696:0:1:EmberEngine:AllPingPong:generate:59: rank=1 size=256
318575378696:0:3:EmberEngine:AllPingPong:generate:59: rank=3 size=256
318575378696:0:5:EmberEngine:AllPingPong:generate:59: rank=5 size=256
318575378696:0:7:EmberEngine:AllPingPong:generate:59: rank=7 size=256
318575378696:0:9:EmberEngine:AllPingPong:generate:59: rank=9 size=256
318575378696:0:11:EmberEngine:AllPingPong:generate:59: rank=11 size=256
318575378696:0:13:EmberEngine:AllPingPong:generate:59: rank=13 size=256
318575378696:0:15:EmberEngine:AllPingPong:generate:59: rank=15 size=256
318575378696:0:17:EmberEngine:AllPingPong:generate:59: rank=17 size=256
318575378696:0:19:EmberEngine:AllPingPong:generate:59: rank=19 size=256
318575378696:0:21:EmberEngine:AllPingPong:generate:59: rank=21 size=256
318575378696:0:23:EmberEngine:AllPingPong:generate:59: rank=23 size=256
318575378696:0:25:EmberEngine:AllPingPong:generate:59: rank=25 size=256
318575378696:0:27:EmberEngine:AllPingPong:generate:59: rank=27 size=256
318575378696:0:29:EmberEngine:AllPingPong:generate:59: rank=29 size=256
318575378696:0:31:EmberEngine:AllPingPong:generate:59: rank=31 size=256
480655390789:0:224:EmberEngine:AllPingPong:generate:59: rank=224 size=256
480655390789:0:226:EmberEngine:AllPingPong:generate:59: rank=226 size=256
480655390789:0:228:EmberEngine:AllPingPong:generate:59: rank=228 size=256
480655390789:0:230:EmberEngine:AllPingPong:generate:59: rank=230 size=256
480655390789:0:232:EmberEngine:AllPingPong:generate:59: rank=232 size=256
480655390789:0:234:EmberEngine:AllPingPong:generate:59: rank=234 size=256
480655390789:0:236:EmberEngine:AllPingPong:generate:59: rank=236 size=256
480655390789:0:238:EmberEngine:AllPingPong:generate:59: rank=238 size=256
480655390789:0:240:EmberEngine:AllPingPong:generate:59: rank=240 size=256
480655390789:0:242:EmberEngine:AllPingPong:generate:59: rank=242 size=256
480655390789:0:244:EmberEngine:AllPingPong:generate:59: rank=244 size=256
480655390789:0:246:EmberEngine:AllPingPong:generate:59: rank=246 size=256
480655390789:0:248:EmberEngine:AllPingPong:generate:59: rank=248 size=256
480655390789:0:250:EmberEngine:AllPingPong:generate:59: rank=250 size=256
480655390789:0:252:EmberEngine:AllPingPong:generate:59: rank=252 size=256
480655390789:0:254:EmberEngine:AllPingPong:generate:59: rank=254 size=256
480658212655:0:96:EmberEngine:AllPingPong:generate:59: rank=96 size=256
480658212655:0:98:EmberEngine:AllPingPong:generate:59: rank=98 size=256
480658212655:0:100:EmberEngine:AllPingPong:generate:59: rank=100 size=256
480658212655:0:102:EmberEngine:AllPingPong:generate:59: rank=102 size=256
480658212655:0:104:EmberEngine:AllPingPong:generate:59: rank=104 size=256
480658212655:0:106:EmberEngine:AllPingPong:generate:59: rank=106 size=256
480658212655:0:108:EmberEngine:AllPingPong:generate:59: rank=108 size=256
480658212655:0:110:EmberEngine:AllPingPong:generate:59: rank=110 size=256
480658212655:0:112:EmberEngine:AllPingPong:generate:59: rank=112 size=256
480658212655:0:114:EmberEngine:AllPingPong:generate:59: rank=114 size=256
480658212655:0:116:EmberEngine:AllPingPong:generate:59: rank=116 size=256
480658212655:0:118:EmberEngine:AllPingPong:generate:59: rank=118 size=256
480658212655:0:120:EmberEngine:AllPingPong:generate:59: rank=120 size=256
480658212655:0:122:EmberEngine:AllPingPong:generate:59: rank=122 size=256
480658212655:0:124:EmberEngine:AllPingPong:generate:59: rank=124 size=256
480658212655:0:126:EmberEngine:AllPingPong:generate:59: rank=126 size=256
481024758047:0:225:EmberEngine:AllPingPong:generate:59: rank=225 size=256
481024758047:0:227:EmberEngine:AllPingPong:generate:59: rank=227 size=256
481024758047:0:229:EmberEngine:AllPingPong:generate:59: rank=229 size=256
481024758047:0:231:EmberEngine:AllPingPong:generate:59: rank=231 size=256
481024758047:0:233:EmberEngine:AllPingPong:generate:59: rank=233 size=256
481024758047:0:235:EmberEngine:AllPingPong:generate:59: rank=235 size=256
481024758047:0:237:EmberEngine:AllPingPong:generate:59: rank=237 size=256
481024758047:0:239:EmberEngine:AllPingPong:generate:59: rank=239 size=256
481024758047:0:241:EmberEngine:AllPingPong:generate:59: rank=241 size=256
481024758047:0:243:EmberEngine:AllPingPong:generate:59: rank=243 size=256
481024758047:0:245:EmberEngine:AllPingPong:generate:59: rank=245 size=256
481024758047:0:247:EmberEngine:AllPingPong:generate:59: rank=247 size=256
481024758047:0:249:EmberEngine:AllPingPong:generate:59: rank=249 size=256
481024758047:0:251:EmberEngine:AllPingPong:generate:59: rank=251 size=256
481024758047:0:253:EmberEngine:AllPingPong:generate:59: rank=253 size=256
481024758047:0:255:EmberEngine:AllPingPong:generate:59: rank=255 size=256
481025266301:0:192:EmberEngine:AllPingPong:generate:59: rank=192 size=256
481025266301:0:194:EmberEngine:AllPingPong:generate:59: rank=194 size=256
481025266301:0:196:EmberEngine:AllPingPong:generate:59: rank=196 size=256
481025266301:0:198:EmberEngine:AllPingPong:generate:59: rank=198 size=256
481025266301:0:200:EmberEngine:AllPingPong:generate:59: rank=200 size=256
481025266301:0:202:EmberEngine:AllPingPong:generate:59: rank=202 size=256
481025266301:0:204:EmberEngine:AllPingPong:generate:59: rank=204 size=256
481025266301:0:206:EmberEngine:AllPingPong:generate:59: rank=206 size=256
481025266301:0:208:EmberEngine:AllPingPong:generate:59: rank=208 size=256
481025266301:0:210:EmberEngine:AllPingPong:generate:59: rank=210 size=256
481025266301:0:212:EmberEngine:AllPingPong:generate:59: rank=212 size=256
481025266301:0:214:EmberEngine:AllPingPong:generate:59: rank=214 size=256
481025266301:0:216:EmberEngine:AllPingPong:generate:59: rank=216 size=256
481025266301:0:218:EmberEngine:AllPingPong:generate:59: rank=218 size=256
481025266301:0:220:EmberEngine:AllPingPong:generate:59: rank=220 size=256
481025266301:0:222:EmberEngine:AllPingPong:generate:59: rank=222 size=256
481027510262:0:97:EmberEngine:AllPingPong:generate:59: rank=97 size=256
481027510262:0:99:EmberEngine:AllPingPong:generate:59: rank=99 size=256
481027510262:0:101:EmberEngine:AllPingPong:generate:59: rank=101 size=256
481027510262:0:103:EmberEngine:AllPingPong:generate:59: rank=103 size=256
481027510262:0:105:EmberEngine:AllPingPong:generate:59: rank=105 size=256
481027510262:0:107:EmberEngine:AllPingPong:generate:59: rank=107 size=256
481027510262:0:109:EmberEngine:AllPingPong:generate:59: rank=109 size=256
481027510262:0:111:EmberEngine:AllPingPong:generate:59: rank=111 size=256
481027510262:0:113:EmberEngine:AllPingPong:generate:59: rank=113 size=256
481027510262:0:115:EmberEngine:AllPingPong:generate:59: rank=115 size=256
481027510262:0:117:EmberEngine:AllPingPong:generate:59: rank=117 size=256
481027510262:0:119:EmberEngine:AllPingPong:generate:59: rank=119 size=256
481027510262:0:121:EmberEngine:AllPingPong:generate:59: rank=121 size=256
481027510262:0:123:EmberEngine:AllPingPong:generate:59: rank=123 size=256
481027510262:0:125:EmberEngine:AllPingPong:generate:59: rank=125 size=256
481027510262:0:127:EmberEngine:AllPingPong:generate:59: rank=127 size=256
481028087628:0:64:EmberEngine:AllPingPong:generate:59: rank=64 size=256
481028087628:0:66:EmberEngine:AllPingPong:generate:59: rank=66 size=256
481028087628:0:68:EmberEngine:AllPingPong:generate:59: rank=68 size=256
481028087628:0:70:EmberEngine:AllPingPong:generate:59: rank=70 size=256
481028087628:0:72:EmberEngine:AllPingPong:generate:59: rank=72 size=256
481028087628:0:74:EmberEngine:AllPingPong:generate:59: rank=74 size=256
481028087628:0:76:EmberEngine:AllPingPong:generate:59: rank=76 size=256
481028087628:0:78:EmberEngine:AllPingPong:generate:59: rank=78 size=256
481028087628:0:80:EmberEngine:AllPingPong:generate:59: rank=80 size=256
481028087628:0:82:EmberEngine:AllPingPong:generate:59: rank=82 size=256
481028087628:0:84:EmberEngine:AllPingPong:generate:59: rank=84 size=256
481028087628:0:86:EmberEngine:AllPingPong:generate:59: rank=86 size=256
481028087628:0:88:EmberEngine:AllPingPong:generate:59: rank=88 size=256
481028087628:0:90:EmberEngine:AllPingPong:generate:59: rank=90 size=256
481028087628:0:92:EmberEngine:AllPingPong:generate:59: rank=92 size=256
481028087628:0:94:EmberEngine:AllPingPong:generate:59: rank=94 size=256
481032328497:0:193:EmberEngine:AllPingPong:generate:59: rank=193 size=256
481032328497:0:195:EmberEngine:AllPingPong:generate:59: rank=195 size=256
481032328497:0:197:EmberEngine:AllPingPong:generate:59: rank=197 size=256
481032328497:0:199:EmberEngine:AllPingPong:generate:59: rank=199 size=256
481032328497:0:201:EmberEngine:AllPingPong:generate:59: rank=201 size=256
481032328497:0:203:EmberEngine:AllPingPong:generate:59: rank=203 size=256
481032328497:0:205:EmberEngine:AllPingPong:generate:59: rank=205 size=256
481032328497:0:207:EmberEngine:AllPingPong:generate:59: rank=207 size=256
481032328497:0:209:EmberEngine:AllPingPong:generate:59: rank=209 size=256
481032328497:0:211:EmberEngine:AllPingPong:generate:59: rank=211 size=256
481032328497:0:213:EmberEngine:AllPingPong:generate:59: rank=213 size=256
481032328497:0:215:EmberEngine:AllPingPong:generate:59: rank=215 size=256
481032328497:0:217:EmberEngine:AllPingPong:generate:59: rank=217 size=256
481032328497:0:219:EmberEngine:AllPingPong:generate:59: rank=219 size=256
481032328497:0:221:EmberEngine:AllPingPong:generate:59: rank=221 size=256
481032328497:0:223:EmberEngine:AllPingPong:generate:59: rank=223 size=256
481032906119:0:160:EmberEngine:AllPingPong:generate:59: rank=160 size=256
481032906119:0:162:EmberEngine:AllPingPong:generate:59: rank=162 size=256
481032906119:0:164:EmberEngine:AllPingPong:generate:59: rank=164 size=256
481032906119:0:166:EmberEngine:AllPingPong:generate:59: rank=166 size=256
481032906119:0:168:EmberEngine:AllPingPong:generate:59: rank=168 size=256
481032906119:0:170:EmberEngine:AllPingPong:generate:59: rank=170 size=256
481032906119:0:172:EmberEngine:AllPingPong:generate:59: rank=172 size=256
481032906119:0:174:EmberEngine:AllPingPong:generate:59: rank=174 size=256
481032906119:0:176:EmberEngine:AllPingPong:generate:59: rank=176 size=256
481032906119:0:178:EmberEngine:AllPingPong:generate:59: rank=178 size=256
481032906119:0:180:EmberEngine:AllPingPong:generate:59: rank=180 size=256
481032906119:0:182:EmberEngine:AllPingPong:generate:59: rank=182 size=256
481032906119:0:184:EmberEngine:AllPingPong:generate:59: rank=184 size=256
481032906119:0:186:EmberEngine:AllPingPong:generate:59: rank=186 size=256
481032906119:0:188:EmberEngine:AllPingPong:generate:59: rank=188 size=256
481032906119:0:190:EmberEngine:AllPingPong:generate:59: rank=190 size=256
481035150080:0:65:EmberEngine:AllPingPong:generate:59: rank=65 size=256
481035150080:0:67:EmberEngine:AllPingPong:generate:59: rank=67 size=256
481035150080:0:69:EmberEngine:AllPingPong:generate:59: rank=69 size=256
481035150080:0:71:EmberEngine:AllPingPong:generate:59: rank=71 size=256
481035150080:0:73:EmberEngine:AllPingPong:generate:59: rank=73 size=256
481035150080:0:75:EmberEngine:AllPingPong:generate:59: rank=75 size=256
481035150080:0:77:EmberEngine:AllPingPong:generate:59: rank=77 size=256
481035150080:0:79:EmberEngine:AllPingPong:generate:59: rank=79 size=256
481035150080:0:81:EmberEngine:AllPingPong:generate:59: rank=81 size=256
481035150080:0:83:EmberEngine:AllPingPong:generate:59: rank=83 size=256
481035150080:0:85:EmberEngine:AllPingPong:generate:59: rank=85 size=256
481035150080:0:87:EmberEngine:AllPingPong:generate:59: rank=87 size=256
481035150080:0:89:EmberEngine:AllPingPong:generate:59: rank=89 size=256
481035150080:0:91:EmberEngine:AllPingPong:generate:59: rank=91 size=256
481035150080:0:93:EmberEngine:AllPingPong:generate:59: rank=93 size=256
481035150080:0:95:EmberEngine:AllPingPong:generate:59: rank=95 size=256
481035727446:0:32:EmberEngine:AllPingPong:generate:59: rank=32 size=256
481035727446:0:34:EmberEngine:AllPingPong:generate:59: rank=34 size=256
481035727446:0:36:EmberEngine:AllPingPong:generate:59: rank=36 size=256
481035727446:0:38:EmberEngine:AllPingPong:generate:59: rank=38 size=256
481035727446:0:40:EmberEngine:AllPingPong:generate:59: rank=40 size=256
481035727446:0:42:EmberEngine:AllPingPong:generate:59: rank=42 size=256
481035727446:0:44:EmberEngine:AllPingPong:generate:59: rank=44 size=256
481035727446:0:46:EmberEngine:AllPingPong:generate:59: rank=46 size=256
481035727446:0:48:EmberEngine:AllPingPong:generate:59: rank=48 size=256
481035727446:0:50:EmberEngine:AllPingPong:generate:59: rank=50 size=256
481035727446:0:52:EmberEngine:AllPingPong:generate:59: rank=52 size=256
481035727446:0:54:EmberEngine:AllPingPong:generate:59: rank=54 size=256
481035727446:0:56:EmberEngine:AllPingPong:generate:59: rank=56 size=256
481035727446:0:58:EmberEngine:AllPingPong:generate:59: rank=58 size=256
481035727446:0:60:EmberEngine:AllPingPong:generate:59: rank=60 size=256
481035727446:0:62:EmberEngine:AllPingPong:generate:59: rank=62 size=256
481037341002:0:161:EmberEngine:AllPingPong:generate:59: rank=161 size=256
481037341002:0:163:EmberEngine:AllPingPong:generate:59: rank=163 size=256
481037341002:0:165:EmberEngine:AllPingPong:generate:59: rank=165 size=256
481037341002:0:167:EmberEngine:AllPingPong:generate:59: rank=167 size=256
481037341002:0:169:EmberEngine:AllPingPong:generate:59: rank=169 size=256
481037341002:0:171:EmberEngine:AllPingPong:generate:59: rank=171 size=256
481037341002:0:173:EmberEngine:AllPingPong:generate:59: rank=173 size=256
481037341002:0:175:EmberEngine:AllPingPong:generate:59: rank=175 size=256
481037341002:0:177:EmberEngine:AllPingPong:generate:59: rank=177 size=256
481037341002:0:179:EmberEngine:AllPingPong:generate:59: rank=179 size=256
481037341002:0:181:EmberEngine:AllPingPong:generate:59: rank=181 size=256
481037341002:0:183:EmberEngine:AllPingPong:generate:59: rank=183 size=256
481037341002:0:185:EmberEngine:AllPingPong:generate:59: rank=185 size=256
481037341002:0:187:EmberEngine:AllPingPong:generate:59: rank=187 size=256
481037341002:0:189:EmberEngine:AllPingPong:generate:59: rank=189 size=256
481037341002:0:191:EmberEngine:AllPingPong:generate:59: rank=191 size=256
481037918624:0:128:EmberEngine:AllPingPong:generate:59: rank=128 size=256
481037918624:0:130:EmberEngine:AllPingPong:generate:59: rank=130 size=256
481037918624:0:132:EmberEngine:AllPingPong:generate:59: rank=132 size=256
481037918624:0:134:EmberEngine:AllPingPong:generate:59: rank=134 size=256
481037918624:0:136:EmberEngine:AllPingPong:generate:59: rank=136 size=256
481037918624:0:138:EmberEngine:AllPingPong:generate:59: rank=138 size=256
481037918624:0:140:EmberEngine:AllPingPong:generate:59: rank=140 size=256
481037918624:0:142:EmberEngine:AllPingPong:generate:59: rank=142 size=256
481037918624:0:144:EmberEngine:AllPingPong:generate:59: rank=144 size=256
481037918624:0:146:EmberEngine:AllPingPong:generate:59: rank=146 size=256
481037918624:0:148:EmberEngine:AllPingPong:generate:59: rank=148 size=256
481037918624:0:150:EmberEngine:AllPingPong:generate:59: rank=150 size=256
481037918624:0:152:EmberEngine:AllPingPong:generate:59: rank=152 size=256
481037918624:0:154:EmberEngine:AllPingPong:generate:59: rank=154 size=256
481037918624:0:156:EmberEngine:AllPingPong:generate:59: rank=156 size=256
481037918624:0:158:EmberEngine:AllPingPong:generate:59: rank=158 size=256
481040162585:0:33:EmberEngine:AllPingPong:generate:59: rank=33 size=256
481040162585:0:35:EmberEngine:AllPingPong:generate:59: rank=35 size=256
481040162585:0:37:EmberEngine:AllPingPong:generate:59: rank=37 size=256
481040162585:0:39:EmberEngine:AllPingPong:generate:59: rank=39 size=256
481040162585:0:41:EmberEngine:AllPingPong:generate:59: rank=41 size=256
481040162585:0:43:EmberEngine:AllPingPong:generate:59: rank=43 size=256
481040162585:0:45:EmberEngine:AllPingPong:generate:59: rank=45 size=256
481040162585:0:47:EmberEngine:AllPingPong:generate:59: rank=47 size=256
481040162585:0:49:EmberEngine:AllPingPong:generate:59: rank=49 size=256
481040162585:0:51:EmberEngine:AllPingPong:generate:59: rank=51 size=256
481040162585:0:53:EmberEngine:AllPingPong:generate:59: rank=53 size=256
481040162585:0:55:EmberEngine:AllPingPong:generate:59: rank=55 size=256
481040162585:0:57:EmberEngine:AllPingPong:generate:59: rank=57 size=256
481040162585:0:59:EmberEngine:AllPingPong:generate:59: rank=59 size=256
481040162585:0:61:EmberEngine:AllPingPong:generate:59: rank=61 size=256
481040162585:0:63:EmberEngine:AllPingPong:generate:59: rank=63 size=256
AllPingPong: total time 162466.116 us, loop 325, bufLen 20510, latency 249.948 us. bandwidth 0.082057 GB/s
481040739951:0:0:EmberEngine:AllPingPong:generate:59: rank=0 size=256
481040739951:0:2:EmberEngine:AllPingPong:generate:59: rank=2 size=256
481040739951:0:4:EmberEngine:AllPingPong:generate:59: rank=4 size=256
481040739951:0:6:EmberEngine:AllPingPong:generate:59: rank=6 size=256
481040739951:0:8:EmberEngine:AllPingPong:generate:59: rank=8 size=256
481040739951:0:10:EmberEngine:AllPingPong:generate:59: rank=10 size=256
481040739951:0:12:EmberEngine:AllPingPong:generate:59: rank=12 size=256
481040739951:0:14:EmberEngine:AllPingPong:generate:59: rank=14 size=256
481040739951:0:16:EmberEngine:AllPingPong:generate:59: rank=16 size=256
481040739951:0:18:EmberEngine:AllPingPong:generate:59: rank=18 size=256
481040739951:0:20:EmberEngine:AllPingPong:generate:59: rank=20 size=256
481040739951:0:22:EmberEngine:AllPingPong:generate:59: rank=22 size=256
481040739951:0:24:EmberEngine:AllPingPong:generate:59: rank=24 size=256
481040739951:0:26:EmberEngine:AllPingPong:generate:59: rank=26 size=256
481040739951:0:28:EmberEngine:AllPingPong:generate:59: rank=28 size=256
481040739951:0:30:EmberEngine:AllPingPong:generate:59: rank=30 size=256
481152751345:0:129:EmberEngine:AllPingPong:generate:59: rank=129 size=256
481152751345:0:131:EmberEngine:AllPingPong:generate:59: rank=131 size=256
481152751345:0:133:EmberEngine:AllPingPong:generate:59: rank=133 size=256
481152751345:0:135:EmberEngine:AllPingPong:generate:59: rank=135 size=256
481152751345:0:137:EmberEngine:AllPingPong:generate:59: rank=137 size=256
481152751345:0:139:EmberEngine:AllPingPong:generate:59: rank=139 size=256
481152751345:0:141:EmberEngine:AllPingPong:generate:59: rank=141 size=256
481152751345:0:143:EmberEngine:AllPingPong:generate:59: rank=143 size=256
481152751345:0:145:EmberEngine:AllPingPong:generate:59: rank=145 size=256
481152751345:0:147:EmberEngine:AllPingPong:generate:59: rank=147 size=256
481152751345:0:149:EmberEngine:AllPingPong:generate:59: rank=149 size=256
481152751345:0:151:EmberEngine:AllPingPong:generate:59: rank=151 size=256
481152751345:0:153:EmberEngine:AllPingPong:generate:59: rank=153 size=256
481152751345:0:155:EmberEngine:AllPingPong:generate:59: rank=155 size=256
481152751345:0:157:EmberEngine:AllPingPong:generate:59: rank=157 size=256
481152751345:0:159:EmberEngine:AllPingPong:generate:59: rank=159 size=256
481155573110:0:1:EmberEngine:AllPingPong:generate:59: rank=1 size=256
481155573110:0:3:EmberEngine:AllPingPong:generate:59: rank=3 size=256
481155573110:0:5:EmberEngine:AllPingPong:generate:59: rank=5 size=256
481155573110:0:7:EmberEngine:AllPingPong:generate:59: rank=7 size=256
481155573110:0:9:EmberEngine:AllPingPong:generate:59: rank=9 size=256
481155573110:0:11:EmberEngine:AllPingPong:generate:59: rank=11 size=256
481155573110:0:13:EmberEngine:AllPingPong:generate:59: rank=13 size=256
481155573110:0:15:EmberEngine:AllPingPong:generate:59: rank=15 size=256
481155573110:0:17:EmberEngine:AllPingPong:generate:59: rank=17 size=256
481155573110:0:19:EmberEngine:AllPingPong:generate:59: rank=19 size=256
481155573110:0:21:EmberEngine:AllPingPong:generate:59: rank=21 size=256
481155573110:0:23:EmberEngine:AllPingPong:generate:59: rank=23 size=256
481155573110:0:25:EmberEngine:AllPingPong:generate:59: rank=25 size=256
481155573110:0:27:EmberEngine:AllPingPong:generate:59: rank=27 size=256
481155573110:0:29:EmberEngine:AllPingPong:generate:59: rank=29 size=256
481155573110:0:31:EmberEngine:AllPingPong:generate:59: rank=31 size=256
AllPingPong: total time 155968.501 us, loop 325, bufLen 9000, latency 239.952 us. bandwidth 0.037508 GB/s
Allreduce: ranks 256, loop 40, 1 double(s), latency 2466.623 us
Barrier: ranks 256, loop 15, latency 1407.823 us
Simulation is complete, simulated time: 756.815 ms
