==================================================
 Topology          : Dragonfly (size 16) - MiniMD
 hosts_per_router  : 1
 routers_per_group : 4
 num_groups        : 4
 Total nodes       : 16
 Total MPI ranks   : 16
 PPN (ranks/node)  : 1   <-- should be 1
 Stats CSV         : /Users/stephenrajva/Downloads/HPC-Upload 2/SST_Stimulator/MiniMD/DragonFly/results/minimd_dragonfly_16_ppn1_nodes16_stats.csv
==================================================
180000:0:15:EmberEngine:AllPingPong:generate:59: rank=15 size=16
180000:0:14:EmberEngine:AllPingPong:generate:59: rank=14 size=16
180000:0:13:EmberEngine:AllPingPong:generate:59: rank=13 size=16
180000:0:12:EmberEngine:AllPingPong:generate:59: rank=12 size=16
180000:0:11:EmberEngine:AllPingPong:generate:59: rank=11 size=16
180000:0:10:EmberEngine:AllPingPong:generate:59: rank=10 size=16
180000:0:9:EmberEngine:AllPingPong:generate:59: rank=9 size=16
180000:0:8:EmberEngine:AllPingPong:generate:59: rank=8 size=16
180000:0:7:EmberEngine:AllPingPong:generate:59: rank=7 size=16
180000:0:6:EmberEngine:AllPingPong:generate:59: rank=6 size=16
180000:0:5:EmberEngine:AllPingPong:generate:59: rank=5 size=16
180000:0:4:EmberEngine:AllPingPong:generate:59: rank=4 size=16
180000:0:3:EmberEngine:AllPingPong:generate:59: rank=3 size=16
180000:0:2:EmberEngine:AllPingPong:generate:59: rank=2 size=16
180000:0:1:EmberEngine:AllPingPong:generate:59: rank=1 size=16
180000:0:0:EmberEngine:AllPingPong:generate:59: rank=0 size=16
161476956324:0:8:EmberEngine:AllPingPong:generate:59: rank=8 size=16
AllPingPong: total time 161479.766 us, loop 325, bufLen 20510, latency 248.430 us. bandwidth 0.082558 GB/s
161479946840:0:0:EmberEngine:AllPingPong:generate:59: rank=0 size=16
161612889590:0:15:EmberEngine:AllPingPong:generate:59: rank=15 size=16
161614156223:0:9:EmberEngine:AllPingPong:generate:59: rank=9 size=16
161614156223:0:12:EmberEngine:AllPingPong:generate:59: rank=12 size=16
161615813406:0:7:EmberEngine:AllPingPong:generate:59: rank=7 size=16
161617080039:0:1:EmberEngine:AllPingPong:generate:59: rank=1 size=16
161617080039:0:4:EmberEngine:AllPingPong:generate:59: rank=4 size=16
161737554558:0:10:EmberEngine:AllPingPong:generate:59: rank=10 size=16
161740411674:0:2:EmberEngine:AllPingPong:generate:59: rank=2 size=16
161742786506:0:13:EmberEngine:AllPingPong:generate:59: rank=13 size=16
161743815687:0:11:EmberEngine:AllPingPong:generate:59: rank=11 size=16
161743815687:0:14:EmberEngine:AllPingPong:generate:59: rank=14 size=16
161745643622:0:5:EmberEngine:AllPingPong:generate:59: rank=5 size=16
161746672803:0:3:EmberEngine:AllPingPong:generate:59: rank=3 size=16
161746672803:0:6:EmberEngine:AllPingPong:generate:59: rank=6 size=16
317174430808:0:8:EmberEngine:AllPingPong:generate:59: rank=8 size=16
AllPingPong: total time 155695.826 us, loop 325, bufLen 9000, latency 239.532 us. bandwidth 0.037573 GB/s
317175772907:0:0:EmberEngine:AllPingPong:generate:59: rank=0 size=16
317353585674:0:15:EmberEngine:AllPingPong:generate:59: rank=15 size=16
317354852307:0:9:EmberEngine:AllPingPong:generate:59: rank=9 size=16
317354852307:0:12:EmberEngine:AllPingPong:generate:59: rank=12 size=16
317354994473:0:7:EmberEngine:AllPingPong:generate:59: rank=7 size=16
317356261106:0:1:EmberEngine:AllPingPong:generate:59: rank=1 size=16
317356261106:0:4:EmberEngine:AllPingPong:generate:59: rank=4 size=16
317521472242:0:10:EmberEngine:AllPingPong:generate:59: rank=10 size=16
317522947741:0:2:EmberEngine:AllPingPong:generate:59: rank=2 size=16
317526704190:0:13:EmberEngine:AllPingPong:generate:59: rank=13 size=16
317527733371:0:11:EmberEngine:AllPingPong:generate:59: rank=11 size=16
317527733371:0:14:EmberEngine:AllPingPong:generate:59: rank=14 size=16
317528179689:0:5:EmberEngine:AllPingPong:generate:59: rank=5 size=16
317529208870:0:3:EmberEngine:AllPingPong:generate:59: rank=3 size=16
317529208870:0:6:EmberEngine:AllPingPong:generate:59: rank=6 size=16
478657028438:0:8:EmberEngine:AllPingPong:generate:59: rank=8 size=16
AllPingPong: total time 161484.246 us, loop 325, bufLen 20510, latency 248.437 us. bandwidth 0.082556 GB/s
478660018954:0:0:EmberEngine:AllPingPong:generate:59: rank=0 size=16
478958483757:0:15:EmberEngine:AllPingPong:generate:59: rank=15 size=16
478959750390:0:9:EmberEngine:AllPingPong:generate:59: rank=9 size=16
478959750390:0:12:EmberEngine:AllPingPong:generate:59: rank=12 size=16
478961407573:0:7:EmberEngine:AllPingPong:generate:59: rank=7 size=16
478962674206:0:1:EmberEngine:AllPingPong:generate:59: rank=1 size=16
478962674206:0:4:EmberEngine:AllPingPong:generate:59: rank=4 size=16
479261800673:0:13:EmberEngine:AllPingPong:generate:59: rank=13 size=16
479262829854:0:11:EmberEngine:AllPingPong:generate:59: rank=11 size=16
479262829854:0:14:EmberEngine:AllPingPong:generate:59: rank=14 size=16
479264290584:0:10:EmberEngine:AllPingPong:generate:59: rank=10 size=16
479264657789:0:5:EmberEngine:AllPingPong:generate:59: rank=5 size=16
479265686970:0:3:EmberEngine:AllPingPong:generate:59: rank=3 size=16
479265686970:0:6:EmberEngine:AllPingPong:generate:59: rank=6 size=16
479267147700:0:2:EmberEngine:AllPingPong:generate:59: rank=2 size=16
AllPingPong: total time 155695.827 us, loop 325, bufLen 9000, latency 239.532 us. bandwidth 0.037573 GB/s
Allreduce: ranks 16, loop 40, 1 double(s), latency 2475.783 us
Barrier: ranks 16, loop 15, latency 1399.578 us
Simulation is complete, simulated time: 754.392 ms
