==================================================
 Topology          : Torus 4x4
 Routers           : 16
 Total nodes       : 16
 Total MPI ranks   : 16
 PPN (ranks/node)  : 1   <-- should be 1
 Stats CSV         : /Users/stephenrajva/Downloads/HPC-Upload 2/SST_Stimulator/MiniFE/Torus/results/torus_4x4_ppn1_nodes16_stats.csv
==================================================
Allreduce: ranks 16, loop 92, 1 double(s), latency 7.875 us
generate
727935933:0:0:EmberEngine:Reduce:generate:37: rank=0 size=16
generate
729365533:0:1:EmberEngine:Reduce:generate:37: rank=1 size=16
generate
729581533:0:2:EmberEngine:Reduce:generate:37: rank=2 size=16
generate
730381533:0:3:EmberEngine:Reduce:generate:37: rank=3 size=16
generate
730511733:0:4:EmberEngine:Reduce:generate:37: rank=4 size=16
generate
730597533:0:5:EmberEngine:Reduce:generate:37: rank=5 size=16
generate
730641333:0:6:EmberEngine:Reduce:generate:37: rank=6 size=16
generate
731180733:0:7:EmberEngine:Reduce:generate:37: rank=7 size=16
generate
731267533:0:9:EmberEngine:Reduce:generate:37: rank=9 size=16
generate
731353933:0:8:EmberEngine:Reduce:generate:37: rank=8 size=16
generate
731439533:0:11:EmberEngine:Reduce:generate:37: rank=11 size=16
generate
731483533:0:13:EmberEngine:Reduce:generate:37: rank=13 size=16
generate
731484333:0:10:EmberEngine:Reduce:generate:37: rank=10 size=16
generate
731527533:0:14:EmberEngine:Reduce:generate:37: rank=14 size=16
generate
731569933:0:12:EmberEngine:Reduce:generate:37: rank=12 size=16
generate
Bcast: ranks 16, loop 2, bytes 56, latency 1.893 us
732066733:0:15:EmberEngine:Reduce:generate:37: rank=15 size=16
Allgather: ranks 16, loop 3, bytes 12, latency 6.480 us
Barrier: ranks 16, loop 99, latency 7.872 us
1558541933:0:0:EmberEngine:PingPong:generate:65: rank=0 size=16
rank2=1 messageSize=256 iterations=35
1559471533:0:1:EmberEngine:PingPong:generate:65: rank=1 size=16
1560617133:0:4:EmberEngine:PingPong:generate:65: rank=4 size=16
1561459533:0:8:EmberEngine:PingPong:generate:65: rank=8 size=16
1562173133:0:15:EmberEngine:PingPong:generate:65: rank=15 size=16
PingPong: otherRank 1, total time 69.522 us, loop 35, bufLen 256, latency 0.993 us. bandwidth 0.257760 GB/s
1628063533:0:0:EmberEngine:PingPong:generate:65: rank=0 size=16
rank2=4 messageSize=256 iterations=35
PingPong: otherRank 4, total time 69.272 us, loop 35, bufLen 256, latency 0.990 us. bandwidth 0.258690 GB/s
1697335533:0:0:EmberEngine:PingPong:generate:65: rank=0 size=16
rank2=8 messageSize=256 iterations=35
PingPong: otherRank 8, total time 75.320 us, loop 35, bufLen 256, latency 1.076 us. bandwidth 0.237918 GB/s
1772655533:0:0:EmberEngine:PingPong:generate:65: rank=0 size=16
rank2=15 messageSize=256 iterations=35
PingPong: otherRank 15, total time 75.320 us, loop 35, bufLen 256, latency 1.076 us. bandwidth 0.237918 GB/s
Simulation is complete, simulated time: 1.85493 ms
