==================================================
 Topology          : Torus 16x16
 Routers           : 256
 Total nodes       : 256
 Total MPI ranks   : 256
 PPN (ranks/node)  : 1   <-- should be 1
 Stats CSV         : /Users/stephenrajva/Downloads/HPC-Upload 2/SST_Stimulator/MiniFE/Torus/results/torus_16x16_ppn1_nodes256_stats.csv
==================================================
Allreduce: ranks 256, loop 92, 1 double(s), latency 21.000 us
generate
1935491133:0:0:EmberEngine:Reduce:generate:37: rank=0 size=256
generate
1936920733:0:1:EmberEngine:Reduce:generate:37: rank=1 size=256
generate
1937136733:0:2:EmberEngine:Reduce:generate:37: rank=2 size=256
generate
1937936733:0:3:EmberEngine:Reduce:generate:37: rank=3 size=256
generate
1938162133:0:4:EmberEngine:Reduce:generate:37: rank=4 size=256
generate
1938239133:0:5:EmberEngine:Reduce:generate:37: rank=5 size=256
generate
1938455733:0:6:EmberEngine:Reduce:generate:37: rank=6 size=256
generate
1939125533:0:7:EmberEngine:Reduce:generate:37: rank=7 size=256
generate
1939350933:0:8:EmberEngine:Reduce:generate:37: rank=8 size=256
generate
1939446933:0:9:EmberEngine:Reduce:generate:37: rank=9 size=256
generate
1939600733:0:11:EmberEngine:Reduce:generate:37: rank=11 size=256
generate
1939663733:0:10:EmberEngine:Reduce:generate:37: rank=10 size=256
generate
1939826933:0:12:EmberEngine:Reduce:generate:37: rank=12 size=256
generate
1939903733:0:13:EmberEngine:Reduce:generate:37: rank=13 size=256
generate
1940120333:0:14:EmberEngine:Reduce:generate:37: rank=14 size=256
generate
1940659933:0:15:EmberEngine:Reduce:generate:37: rank=15 size=256
generate
1940790133:0:16:EmberEngine:Reduce:generate:37: rank=16 size=256
generate
1940875933:0:23:EmberEngine:Reduce:generate:37: rank=23 size=256
generate
1940885333:0:17:EmberEngine:Reduce:generate:37: rank=17 size=256
generate
1940894933:0:19:EmberEngine:Reduce:generate:37: rank=19 size=256
generate
1940919733:0:24:EmberEngine:Reduce:generate:37: rank=24 size=256
generate
1940929133:0:18:EmberEngine:Reduce:generate:37: rank=18 size=256
generate
1940938733:0:20:EmberEngine:Reduce:generate:37: rank=20 size=256
generate
1941006133:0:27:EmberEngine:Reduce:generate:37: rank=27 size=256
generate
1941015733:0:25:EmberEngine:Reduce:generate:37: rank=25 size=256
generate
1941025333:0:21:EmberEngine:Reduce:generate:37: rank=21 size=256
generate
1941049933:0:28:EmberEngine:Reduce:generate:37: rank=28 size=256
generate
1941059533:0:26:EmberEngine:Reduce:generate:37: rank=26 size=256
generate
1941069133:0:22:EmberEngine:Reduce:generate:37: rank=22 size=256
generate
1941136333:0:29:EmberEngine:Reduce:generate:37: rank=29 size=256
generate
1941179533:0:30:EmberEngine:Reduce:generate:37: rank=30 size=256
generate
1941589533:0:31:EmberEngine:Reduce:generate:37: rank=31 size=256
generate
1941806133:0:33:EmberEngine:Reduce:generate:37: rank=33 size=256
generate
1941892533:0:32:EmberEngine:Reduce:generate:37: rank=32 size=256
generate
1941987733:0:35:EmberEngine:Reduce:generate:37: rank=35 size=256
generate
1942022733:0:34:EmberEngine:Reduce:generate:37: rank=34 size=256
generate
1942117933:0:37:EmberEngine:Reduce:generate:37: rank=37 size=256
generate
1942170133:0:39:EmberEngine:Reduce:generate:37: rank=39 size=256
generate
1942205133:0:36:EmberEngine:Reduce:generate:37: rank=36 size=256
generate
1942281933:0:61:EmberEngine:Reduce:generate:37: rank=61 size=256
generate
1942309933:0:41:EmberEngine:Reduce:generate:37: rank=41 size=256
generate
1942325133:0:57:EmberEngine:Reduce:generate:37: rank=57 size=256
generate
1942325133:0:59:EmberEngine:Reduce:generate:37: rank=59 size=256
generate
1942325133:0:62:EmberEngine:Reduce:generate:37: rank=62 size=256
generate
1942333933:0:38:EmberEngine:Reduce:generate:37: rank=38 size=256
generate
1942367733:0:55:EmberEngine:Reduce:generate:37: rank=55 size=256
generate
1942368333:0:58:EmberEngine:Reduce:generate:37: rank=58 size=256
generate
1942368333:0:60:EmberEngine:Reduce:generate:37: rank=60 size=256
generate
1942386733:0:40:EmberEngine:Reduce:generate:37: rank=40 size=256
generate
1942421133:0:56:EmberEngine:Reduce:generate:37: rank=56 size=256
generate
1942482133:0:43:EmberEngine:Reduce:generate:37: rank=43 size=256
generate
1942496733:0:47:EmberEngine:Reduce:generate:37: rank=47 size=256
generate
1942507533:0:53:EmberEngine:Reduce:generate:37: rank=53 size=256
generate
1942516333:0:42:EmberEngine:Reduce:generate:37: rank=42 size=256
generate
1942540533:0:49:EmberEngine:Reduce:generate:37: rank=49 size=256
generate
1942550133:0:51:EmberEngine:Reduce:generate:37: rank=51 size=256
generate
1942550733:0:54:EmberEngine:Reduce:generate:37: rank=54 size=256
generate
1942584333:0:50:EmberEngine:Reduce:generate:37: rank=50 size=256
generate
1942603533:0:45:EmberEngine:Reduce:generate:37: rank=45 size=256
generate
1942603533:0:52:EmberEngine:Reduce:generate:37: rank=52 size=256
generate
1942605533:0:63:EmberEngine:Reduce:generate:37: rank=63 size=256
generate
1942636533:0:48:EmberEngine:Reduce:generate:37: rank=48 size=256
generate
1942697933:0:44:EmberEngine:Reduce:generate:37: rank=44 size=256
generate
1942819533:0:46:EmberEngine:Reduce:generate:37: rank=46 size=256
generate
1942908533:0:64:EmberEngine:Reduce:generate:37: rank=64 size=256
generate
1942994933:0:65:EmberEngine:Reduce:generate:37: rank=65 size=256
generate
1942994933:0:67:EmberEngine:Reduce:generate:37: rank=67 size=256
generate
1943211533:0:66:EmberEngine:Reduce:generate:37: rank=66 size=256
generate
1943232333:0:68:EmberEngine:Reduce:generate:37: rank=68 size=256
generate
1943297933:0:69:EmberEngine:Reduce:generate:37: rank=69 size=256
generate
1943349333:0:71:EmberEngine:Reduce:generate:37: rank=71 size=256
generate
1943513933:0:70:EmberEngine:Reduce:generate:37: rank=70 size=256
generate
1943576333:0:72:EmberEngine:Reduce:generate:37: rank=72 size=256
generate
1943599133:0:95:EmberEngine:Reduce:generate:37: rank=95 size=256
generate
1943605933:0:125:EmberEngine:Reduce:generate:37: rank=125 size=256
generate
1943649133:0:126:EmberEngine:Reduce:generate:37: rank=126 size=256
generate
1943652333:0:75:EmberEngine:Reduce:generate:37: rank=75 size=256
generate
1943652533:0:123:EmberEngine:Reduce:generate:37: rank=123 size=256
generate
1943653133:0:73:EmberEngine:Reduce:generate:37: rank=73 size=256
generate
1943663933:0:127:EmberEngine:Reduce:generate:37: rank=127 size=256
generate
1943686733:0:124:EmberEngine:Reduce:generate:37: rank=124 size=256
generate
1943815733:0:99:EmberEngine:Reduce:generate:37: rank=99 size=256
generate
1943825333:0:97:EmberEngine:Reduce:generate:37: rank=97 size=256
generate
1943825933:0:121:EmberEngine:Reduce:generate:37: rank=121 size=256
generate
1943837133:0:128:EmberEngine:Reduce:generate:37: rank=128 size=256
generate
1943859533:0:119:EmberEngine:Reduce:generate:37: rank=119 size=256
generate
1943859533:0:122:EmberEngine:Reduce:generate:37: rank=122 size=256
generate
1943869133:0:74:EmberEngine:Reduce:generate:37: rank=74 size=256
generate
1943877333:0:79:EmberEngine:Reduce:generate:37: rank=79 size=256
generate
1943877933:0:76:EmberEngine:Reduce:generate:37: rank=76 size=256
generate
1943878733:0:91:EmberEngine:Reduce:generate:37: rank=91 size=256
generate
1943902133:0:96:EmberEngine:Reduce:generate:37: rank=96 size=256
generate
1943911733:0:120:EmberEngine:Reduce:generate:37: rank=120 size=256
generate
1943921933:0:92:EmberEngine:Reduce:generate:37: rank=92 size=256
generate
1943923533:0:129:EmberEngine:Reduce:generate:37: rank=129 size=256
generate
1943930133:0:87:EmberEngine:Reduce:generate:37: rank=87 size=256
generate
1943930733:0:83:EmberEngine:Reduce:generate:37: rank=83 size=256
generate
1943945933:0:101:EmberEngine:Reduce:generate:37: rank=101 size=256
generate
1943954733:0:77:EmberEngine:Reduce:generate:37: rank=77 size=256
generate
1943973933:0:84:EmberEngine:Reduce:generate:37: rank=84 size=256
generate
1943973933:0:88:EmberEngine:Reduce:generate:37: rank=88 size=256
generate
1943989133:0:117:EmberEngine:Reduce:generate:37: rank=117 size=256
generate
1943998133:0:103:EmberEngine:Reduce:generate:37: rank=103 size=256
generate
1944007533:0:80:EmberEngine:Reduce:generate:37: rank=80 size=256
generate
1944008333:0:93:EmberEngine:Reduce:generate:37: rank=93 size=256
generate
1944032333:0:100:EmberEngine:Reduce:generate:37: rank=100 size=256
generate
1944032333:0:115:EmberEngine:Reduce:generate:37: rank=115 size=256
generate
1944032333:0:118:EmberEngine:Reduce:generate:37: rank=118 size=256
generate
1944041933:0:98:EmberEngine:Reduce:generate:37: rank=98 size=256
generate
1944050733:0:85:EmberEngine:Reduce:generate:37: rank=85 size=256
generate
1944051533:0:94:EmberEngine:Reduce:generate:37: rank=94 size=256
generate
1944061133:0:89:EmberEngine:Reduce:generate:37: rank=89 size=256
generate
1944093933:0:81:EmberEngine:Reduce:generate:37: rank=81 size=256
generate
1944093933:0:86:EmberEngine:Reduce:generate:37: rank=86 size=256
generate
1944094733:0:116:EmberEngine:Reduce:generate:37: rank=116 size=256
generate
1944096333:0:131:EmberEngine:Reduce:generate:37: rank=131 size=256
generate
1944102733:0:90:EmberEngine:Reduce:generate:37: rank=90 size=256
generate
1944128333:0:107:EmberEngine:Reduce:generate:37: rank=107 size=256
generate
1944137133:0:82:EmberEngine:Reduce:generate:37: rank=82 size=256
generate
1944137933:0:105:EmberEngine:Reduce:generate:37: rank=105 size=256
generate
1944151533:0:130:EmberEngine:Reduce:generate:37: rank=130 size=256
generate
1944161333:0:111:EmberEngine:Reduce:generate:37: rank=111 size=256
generate
1944161933:0:102:EmberEngine:Reduce:generate:37: rank=102 size=256
generate
1944170733:0:78:EmberEngine:Reduce:generate:37: rank=78 size=256
generate
1944214733:0:104:EmberEngine:Reduce:generate:37: rank=104 size=256
generate
1944224333:0:113:EmberEngine:Reduce:generate:37: rank=113 size=256
generate
1944257933:0:109:EmberEngine:Reduce:generate:37: rank=109 size=256
generate
1944257933:0:114:EmberEngine:Reduce:generate:37: rank=114 size=256
generate
1944269133:0:135:EmberEngine:Reduce:generate:37: rank=135 size=256
generate
1944301133:0:112:EmberEngine:Reduce:generate:37: rank=112 size=256
generate
1944322733:0:132:EmberEngine:Reduce:generate:37: rank=132 size=256
generate
1944344333:0:108:EmberEngine:Reduce:generate:37: rank=108 size=256
generate
1944353933:0:106:EmberEngine:Reduce:generate:37: rank=106 size=256
generate
1944399533:0:133:EmberEngine:Reduce:generate:37: rank=133 size=256
generate
1944473933:0:110:EmberEngine:Reduce:generate:37: rank=110 size=256
generate
1944495533:0:136:EmberEngine:Reduce:generate:37: rank=136 size=256
generate
1944593133:0:137:EmberEngine:Reduce:generate:37: rank=137 size=256
generate
1944615533:0:134:EmberEngine:Reduce:generate:37: rank=134 size=256
generate
1944700333:0:191:EmberEngine:Reduce:generate:37: rank=191 size=256
generate
1944745133:0:139:EmberEngine:Reduce:generate:37: rank=139 size=256
generate
1944809133:0:138:EmberEngine:Reduce:generate:37: rank=138 size=256
generate
1944892333:0:159:EmberEngine:Reduce:generate:37: rank=159 size=256
generate
1944969133:0:143:EmberEngine:Reduce:generate:37: rank=143 size=256
generate
1944970733:0:140:EmberEngine:Reduce:generate:37: rank=140 size=256
generate
1945003533:0:192:EmberEngine:Reduce:generate:37: rank=192 size=256
generate
1945009933:0:253:EmberEngine:Reduce:generate:37: rank=253 size=256
generate
1945013133:0:151:EmberEngine:Reduce:generate:37: rank=151 size=256
generate
1945047533:0:141:EmberEngine:Reduce:generate:37: rank=141 size=256
generate
1945053133:0:254:EmberEngine:Reduce:generate:37: rank=254 size=256
generate
1945056333:0:152:EmberEngine:Reduce:generate:37: rank=152 size=256
generate
1945057133:0:251:EmberEngine:Reduce:generate:37: rank=251 size=256
generate
Bcast: ranks 256, loop 2, bytes 56, latency 1.893 us
1945068333:0:255:EmberEngine:Reduce:generate:37: rank=255 size=256
generate
1945089933:0:193:EmberEngine:Reduce:generate:37: rank=193 size=256
generate
1945096333:0:252:EmberEngine:Reduce:generate:37: rank=252 size=256
generate
1945099533:0:144:EmberEngine:Reduce:generate:37: rank=144 size=256
generate
1945099533:0:195:EmberEngine:Reduce:generate:37: rank=195 size=256
generate
1945109133:0:161:EmberEngine:Reduce:generate:37: rank=161 size=256
generate
1945142733:0:155:EmberEngine:Reduce:generate:37: rank=155 size=256
generate
1945152333:0:153:EmberEngine:Reduce:generate:37: rank=153 size=256
generate
1945185933:0:156:EmberEngine:Reduce:generate:37: rank=156 size=256
generate
1945186733:0:147:EmberEngine:Reduce:generate:37: rank=147 size=256
generate
1945195533:0:154:EmberEngine:Reduce:generate:37: rank=154 size=256
generate
1945195533:0:160:EmberEngine:Reduce:generate:37: rank=160 size=256
generate
1945196333:0:145:EmberEngine:Reduce:generate:37: rank=145 size=256
generate
1945229933:0:148:EmberEngine:Reduce:generate:37: rank=148 size=256
generate
1945229933:0:249:EmberEngine:Reduce:generate:37: rank=249 size=256
generate
1945239533:0:146:EmberEngine:Reduce:generate:37: rank=146 size=256
generate
1945239533:0:189:EmberEngine:Reduce:generate:37: rank=189 size=256
generate
1945262733:0:199:EmberEngine:Reduce:generate:37: rank=199 size=256
generate
1945263533:0:142:EmberEngine:Reduce:generate:37: rank=142 size=256
generate
1945263533:0:250:EmberEngine:Reduce:generate:37: rank=250 size=256
generate
1945272333:0:157:EmberEngine:Reduce:generate:37: rank=157 size=256
generate
1945281933:0:247:EmberEngine:Reduce:generate:37: rank=247 size=256
generate
1945282733:0:163:EmberEngine:Reduce:generate:37: rank=163 size=256
generate
1945282733:0:185:EmberEngine:Reduce:generate:37: rank=185 size=256
generate
1945282733:0:187:EmberEngine:Reduce:generate:37: rank=187 size=256
generate
1945282733:0:190:EmberEngine:Reduce:generate:37: rank=190 size=256
generate
1945291533:0:167:EmberEngine:Reduce:generate:37: rank=167 size=256
generate
1945306733:0:194:EmberEngine:Reduce:generate:37: rank=194 size=256
generate
1945315533:0:158:EmberEngine:Reduce:generate:37: rank=158 size=256
generate
1945324333:0:149:EmberEngine:Reduce:generate:37: rank=149 size=256
generate
1945325933:0:183:EmberEngine:Reduce:generate:37: rank=183 size=256
generate
1945325933:0:186:EmberEngine:Reduce:generate:37: rank=186 size=256
generate
1945325933:0:188:EmberEngine:Reduce:generate:37: rank=188 size=256
generate
1945325933:0:196:EmberEngine:Reduce:generate:37: rank=196 size=256
generate
1945327533:0:248:EmberEngine:Reduce:generate:37: rank=248 size=256
generate
1945335533:0:162:EmberEngine:Reduce:generate:37: rank=162 size=256
generate
1945349133:0:223:EmberEngine:Reduce:generate:37: rank=223 size=256
generate
1945359533:0:150:EmberEngine:Reduce:generate:37: rank=150 size=256
generate
1945397933:0:184:EmberEngine:Reduce:generate:37: rank=184 size=256
generate
1945402733:0:197:EmberEngine:Reduce:generate:37: rank=197 size=256
generate
1945420333:0:165:EmberEngine:Reduce:generate:37: rank=165 size=256
generate
1945421133:0:169:EmberEngine:Reduce:generate:37: rank=169 size=256
generate
1945493933:0:200:EmberEngine:Reduce:generate:37: rank=200 size=256
generate
1945497933:0:164:EmberEngine:Reduce:generate:37: rank=164 size=256
generate
1945507533:0:168:EmberEngine:Reduce:generate:37: rank=168 size=256
generate
1945565933:0:201:EmberEngine:Reduce:generate:37: rank=201 size=256
generate
1945565933:0:203:EmberEngine:Reduce:generate:37: rank=203 size=256
generate
1945565933:0:231:EmberEngine:Reduce:generate:37: rank=231 size=256
generate
1945565933:0:245:EmberEngine:Reduce:generate:37: rank=245 size=256
generate
1945575533:0:225:EmberEngine:Reduce:generate:37: rank=225 size=256
generate
1945584333:0:171:EmberEngine:Reduce:generate:37: rank=171 size=256
generate
1945585133:0:227:EmberEngine:Reduce:generate:37: rank=227 size=256
generate
1945609133:0:246:EmberEngine:Reduce:generate:37: rank=246 size=256
generate
1945618733:0:219:EmberEngine:Reduce:generate:37: rank=219 size=256
generate
1945627533:0:166:EmberEngine:Reduce:generate:37: rank=166 size=256
generate
1945628333:0:198:EmberEngine:Reduce:generate:37: rank=198 size=256
generate
1945636333:0:175:EmberEngine:Reduce:generate:37: rank=175 size=256
generate
1945637133:0:170:EmberEngine:Reduce:generate:37: rank=170 size=256
generate
1945637133:0:243:EmberEngine:Reduce:generate:37: rank=243 size=256
generate
1945647533:0:181:EmberEngine:Reduce:generate:37: rank=181 size=256
generate
1945652333:0:224:EmberEngine:Reduce:generate:37: rank=224 size=256
generate
1945661933:0:215:EmberEngine:Reduce:generate:37: rank=215 size=256
generate
1945661933:0:220:EmberEngine:Reduce:generate:37: rank=220 size=256
generate
1945671533:0:244:EmberEngine:Reduce:generate:37: rank=244 size=256
generate
1945679533:0:182:EmberEngine:Reduce:generate:37: rank=182 size=256
generate
1945680333:0:177:EmberEngine:Reduce:generate:37: rank=177 size=256
generate
1945681133:0:179:EmberEngine:Reduce:generate:37: rank=179 size=256
generate
1945695533:0:235:EmberEngine:Reduce:generate:37: rank=235 size=256
generate
1945705133:0:216:EmberEngine:Reduce:generate:37: rank=216 size=256
generate
1945705133:0:229:EmberEngine:Reduce:generate:37: rank=229 size=256
generate
1945713933:0:173:EmberEngine:Reduce:generate:37: rank=173 size=256
generate
1945714733:0:233:EmberEngine:Reduce:generate:37: rank=233 size=256
generate
1945723533:0:178:EmberEngine:Reduce:generate:37: rank=178 size=256
generate
1945724333:0:180:EmberEngine:Reduce:generate:37: rank=180 size=256
generate
1945738733:0:239:EmberEngine:Reduce:generate:37: rank=239 size=256
generate
1945748333:0:221:EmberEngine:Reduce:generate:37: rank=221 size=256
generate
1945776333:0:176:EmberEngine:Reduce:generate:37: rank=176 size=256
generate
1945781933:0:202:EmberEngine:Reduce:generate:37: rank=202 size=256
generate
1945781933:0:232:EmberEngine:Reduce:generate:37: rank=232 size=256
generate
1945790733:0:207:EmberEngine:Reduce:generate:37: rank=207 size=256
generate
1945791533:0:204:EmberEngine:Reduce:generate:37: rank=204 size=256
generate
1945791533:0:222:EmberEngine:Reduce:generate:37: rank=222 size=256
generate
1945791533:0:226:EmberEngine:Reduce:generate:37: rank=226 size=256
generate
1945791533:0:241:EmberEngine:Reduce:generate:37: rank=241 size=256
generate
1945800333:0:172:EmberEngine:Reduce:generate:37: rank=172 size=256
generate
1945801133:0:217:EmberEngine:Reduce:generate:37: rank=217 size=256
generate
1945801133:0:228:EmberEngine:Reduce:generate:37: rank=228 size=256
generate
1945825133:0:237:EmberEngine:Reduce:generate:37: rank=237 size=256
generate
1945834733:0:218:EmberEngine:Reduce:generate:37: rank=218 size=256
generate
1945834733:0:242:EmberEngine:Reduce:generate:37: rank=242 size=256
generate
1945844333:0:211:EmberEngine:Reduce:generate:37: rank=211 size=256
generate
1945868333:0:205:EmberEngine:Reduce:generate:37: rank=205 size=256
generate
1945868333:0:240:EmberEngine:Reduce:generate:37: rank=240 size=256
generate
1945887533:0:212:EmberEngine:Reduce:generate:37: rank=212 size=256
generate
1945911533:0:236:EmberEngine:Reduce:generate:37: rank=236 size=256
generate
1945921133:0:208:EmberEngine:Reduce:generate:37: rank=208 size=256
generate
1945921133:0:230:EmberEngine:Reduce:generate:37: rank=230 size=256
generate
1945929933:0:174:EmberEngine:Reduce:generate:37: rank=174 size=256
generate
1945930733:0:234:EmberEngine:Reduce:generate:37: rank=234 size=256
generate
1945973933:0:213:EmberEngine:Reduce:generate:37: rank=213 size=256
generate
1946007533:0:209:EmberEngine:Reduce:generate:37: rank=209 size=256
generate
1946017133:0:214:EmberEngine:Reduce:generate:37: rank=214 size=256
generate
1946041133:0:238:EmberEngine:Reduce:generate:37: rank=238 size=256
generate
1946050733:0:210:EmberEngine:Reduce:generate:37: rank=210 size=256
generate
1946084333:0:206:EmberEngine:Reduce:generate:37: rank=206 size=256
Allgather: ranks 256, loop 3, bytes 12, latency 12.047 us
Barrier: ranks 256, loop 99, latency 21.030 us
4099876333:0:0:EmberEngine:PingPong:generate:65: rank=0 size=256
rank2=1 messageSize=256 iterations=35
4100805933:0:1:EmberEngine:PingPong:generate:65: rank=1 size=256
4104674733:0:16:EmberEngine:PingPong:generate:65: rank=16 size=256
4107721933:0:128:EmberEngine:PingPong:generate:65: rank=128 size=256
4108953933:0:255:EmberEngine:PingPong:generate:65: rank=255 size=256
PingPong: otherRank 1, total time 69.521 us, loop 35, bufLen 256, latency 0.993 us. bandwidth 0.257764 GB/s
4169397933:0:0:EmberEngine:PingPong:generate:65: rank=0 size=256
rank2=16 messageSize=256 iterations=35
PingPong: otherRank 16, total time 69.272 us, loop 35, bufLen 256, latency 0.990 us. bandwidth 0.258690 GB/s
4238669933:0:0:EmberEngine:PingPong:generate:65: rank=0 size=256
rank2=128 messageSize=256 iterations=35
PingPong: otherRank 128, total time 111.608 us, loop 35, bufLen 256, latency 1.594 us. bandwidth 0.160562 GB/s
4350277933:0:0:EmberEngine:PingPong:generate:65: rank=0 size=256
rank2=255 messageSize=256 iterations=35
PingPong: otherRank 255, total time 75.320 us, loop 35, bufLen 256, latency 1.076 us. bandwidth 0.237918 GB/s
Simulation is complete, simulated time: 4.44446 ms
