==================================================
 Topology          : Dragonfly (size 64)
 hosts_per_router  : 1
 routers_per_group : 8
 num_groups        : 8
 Total nodes       : 64
 Total MPI ranks   : 64
 PPN (ranks/node)  : 1   <-- should be 1
 Stats CSV         : /Users/stephenrajva/Downloads/HPC-Upload 2/SST_Stimulator/MiniFE/DragonFly/results/dragonfly_64_ppn1_nodes64_stats.csv
==================================================
Allreduce: ranks 64, loop 92, 1 double(s), latency 12.094 us
generate
1116102333:0:0:EmberEngine:Reduce:generate:37: rank=0 size=64
generate
1117531933:0:1:EmberEngine:Reduce:generate:37: rank=1 size=64
generate
1117661533:0:2:EmberEngine:Reduce:generate:37: rank=2 size=64
generate
1118461533:0:3:EmberEngine:Reduce:generate:37: rank=3 size=64
generate
1118591133:0:5:EmberEngine:Reduce:generate:37: rank=5 size=64
generate
1118591733:0:4:EmberEngine:Reduce:generate:37: rank=4 size=64
generate
1118721333:0:6:EmberEngine:Reduce:generate:37: rank=6 size=64
generate
1119391133:0:7:EmberEngine:Reduce:generate:37: rank=7 size=64
generate
1119607133:0:11:EmberEngine:Reduce:generate:37: rank=11 size=64
generate
1119607733:0:8:EmberEngine:Reduce:generate:37: rank=8 size=64
generate
1119694133:0:9:EmberEngine:Reduce:generate:37: rank=9 size=64
generate
1119823733:0:12:EmberEngine:Reduce:generate:37: rank=12 size=64
generate
1119823733:0:13:EmberEngine:Reduce:generate:37: rank=13 size=64
generate
1119833333:0:10:EmberEngine:Reduce:generate:37: rank=10 size=64
generate
1119953933:0:14:EmberEngine:Reduce:generate:37: rank=14 size=64
generate
1120493533:0:15:EmberEngine:Reduce:generate:37: rank=15 size=64
generate
1120623733:0:16:EmberEngine:Reduce:generate:37: rank=16 size=64
generate
1120623733:0:17:EmberEngine:Reduce:generate:37: rank=17 size=64
generate
1120709533:0:23:EmberEngine:Reduce:generate:37: rank=23 size=64
generate
1120753933:0:18:EmberEngine:Reduce:generate:37: rank=18 size=64
generate
1120796533:0:19:EmberEngine:Reduce:generate:37: rank=19 size=64
generate
1120839733:0:24:EmberEngine:Reduce:generate:37: rank=24 size=64
generate
1120840333:0:20:EmberEngine:Reduce:generate:37: rank=20 size=64
generate
1120926133:0:25:EmberEngine:Reduce:generate:37: rank=25 size=64
generate
1120926133:0:27:EmberEngine:Reduce:generate:37: rank=27 size=64
generate
1120935733:0:21:EmberEngine:Reduce:generate:37: rank=21 size=64
generate
1120969933:0:28:EmberEngine:Reduce:generate:37: rank=28 size=64
generate
1121056333:0:29:EmberEngine:Reduce:generate:37: rank=29 size=64
generate
1121065933:0:22:EmberEngine:Reduce:generate:37: rank=22 size=64
generate
1121065933:0:26:EmberEngine:Reduce:generate:37: rank=26 size=64
generate
1121185933:0:30:EmberEngine:Reduce:generate:37: rank=30 size=64
generate
1121379533:0:33:EmberEngine:Reduce:generate:37: rank=33 size=64
generate
1121465533:0:31:EmberEngine:Reduce:generate:37: rank=31 size=64
generate
1121465933:0:32:EmberEngine:Reduce:generate:37: rank=32 size=64
generate
1121465933:0:35:EmberEngine:Reduce:generate:37: rank=35 size=64
generate
1121509933:0:36:EmberEngine:Reduce:generate:37: rank=36 size=64
generate
1121551533:0:47:EmberEngine:Reduce:generate:37: rank=47 size=64
generate
1121595533:0:49:EmberEngine:Reduce:generate:37: rank=49 size=64
generate
1121596333:0:37:EmberEngine:Reduce:generate:37: rank=37 size=64
generate
1121596333:0:41:EmberEngine:Reduce:generate:37: rank=41 size=64
generate
1121605933:0:34:EmberEngine:Reduce:generate:37: rank=34 size=64
generate
1121638733:0:39:EmberEngine:Reduce:generate:37: rank=39 size=64
generate
1121681933:0:48:EmberEngine:Reduce:generate:37: rank=48 size=64
generate
1121691533:0:43:EmberEngine:Reduce:generate:37: rank=43 size=64
generate
1121725933:0:38:EmberEngine:Reduce:generate:37: rank=38 size=64
generate
1121725933:0:57:EmberEngine:Reduce:generate:37: rank=57 size=64
generate
1121735533:0:44:EmberEngine:Reduce:generate:37: rank=44 size=64
generate
1121768333:0:55:EmberEngine:Reduce:generate:37: rank=55 size=64
generate
1121769133:0:40:EmberEngine:Reduce:generate:37: rank=40 size=64
generate
1121777933:0:51:EmberEngine:Reduce:generate:37: rank=51 size=64
generate
1121812333:0:42:EmberEngine:Reduce:generate:37: rank=42 size=64
generate
1121812333:0:50:EmberEngine:Reduce:generate:37: rank=50 size=64
generate
1121821933:0:53:EmberEngine:Reduce:generate:37: rank=53 size=64
generate
1121898733:0:52:EmberEngine:Reduce:generate:37: rank=52 size=64
generate
1121898733:0:56:EmberEngine:Reduce:generate:37: rank=56 size=64
generate
1121908333:0:45:EmberEngine:Reduce:generate:37: rank=45 size=64
generate
1121908333:0:59:EmberEngine:Reduce:generate:37: rank=59 size=64
generate
1121941933:0:58:EmberEngine:Reduce:generate:37: rank=58 size=64
generate
1121951533:0:54:EmberEngine:Reduce:generate:37: rank=54 size=64
generate
1122028333:0:60:EmberEngine:Reduce:generate:37: rank=60 size=64
generate
1122028333:0:61:EmberEngine:Reduce:generate:37: rank=61 size=64
generate
1122037933:0:46:EmberEngine:Reduce:generate:37: rank=46 size=64
generate
1122157933:0:62:EmberEngine:Reduce:generate:37: rank=62 size=64
generate
Bcast: ranks 64, loop 2, bytes 56, latency 1.893 us
1122351533:0:63:EmberEngine:Reduce:generate:37: rank=63 size=64
Allgather: ranks 64, loop 3, bytes 12, latency 7.974 us
Barrier: ranks 64, loop 99, latency 12.110 us
2375925133:0:0:EmberEngine:PingPong:generate:65: rank=0 size=64
rank2=1 messageSize=256 iterations=35
2376854733:0:1:EmberEngine:PingPong:generate:65: rank=1 size=64
2380788333:0:32:EmberEngine:PingPong:generate:65: rank=32 size=64
2381674733:0:63:EmberEngine:PingPong:generate:65: rank=63 size=64
PingPong: otherRank 1, total time 69.521 us, loop 35, bufLen 256, latency 0.993 us. bandwidth 0.257764 GB/s
2445446733:0:0:EmberEngine:PingPong:generate:65: rank=0 size=64
rank2=32 messageSize=256 iterations=35
PingPong: otherRank 32, total time 75.320 us, loop 35, bufLen 256, latency 1.076 us. bandwidth 0.237918 GB/s
2520766733:0:0:EmberEngine:PingPong:generate:65: rank=0 size=64
rank2=63 messageSize=256 iterations=35
PingPong: otherRank 63, total time 81.368 us, loop 35, bufLen 256, latency 1.162 us. bandwidth 0.220234 GB/s
Simulation is complete, simulated time: 2.61324 ms
