==================================================
 Topology          : Torus 8x8
 Routers           : 64
 Nodes per router  : 2  (local_ports)
 Total nodes       : 128
 Total MPI ranks   : 128
 PPN (ranks/node)  : 2   <-- should be 2
 Stats CSV         : /Users/stephenrajva/Downloads/HPC-Upload 2/SST_Stimulator/MiniFE/Torus/PPN_2/results/torus_8x8_ppn2_nodes128_stats.csv
==================================================
Allreduce: ranks 128, loop 92, 1 double(s), latency 14.883 us
generate
1372692733:0:0:EmberEngine:Reduce:generate:37: rank=0 size=128
generate
1374035933:0:1:EmberEngine:Reduce:generate:37: rank=1 size=128
generate
1374251933:0:2:EmberEngine:Reduce:generate:37: rank=2 size=128
generate
1374965533:0:3:EmberEngine:Reduce:generate:37: rank=3 size=128
generate
1375181533:0:5:EmberEngine:Reduce:generate:37: rank=5 size=128
generate
1375190933:0:4:EmberEngine:Reduce:generate:37: rank=4 size=128
generate
1375398133:0:6:EmberEngine:Reduce:generate:37: rank=6 size=128
generate
1375981533:0:7:EmberEngine:Reduce:generate:37: rank=7 size=128
generate
1376206933:0:8:EmberEngine:Reduce:generate:37: rank=8 size=128
generate
1376216533:0:9:EmberEngine:Reduce:generate:37: rank=9 size=128
generate
1376283933:0:11:EmberEngine:Reduce:generate:37: rank=11 size=128
generate
1376433333:0:10:EmberEngine:Reduce:generate:37: rank=10 size=128
generate
1376500533:0:13:EmberEngine:Reduce:generate:37: rank=13 size=128
generate
1376510133:0:12:EmberEngine:Reduce:generate:37: rank=12 size=128
generate
1376717133:0:14:EmberEngine:Reduce:generate:37: rank=14 size=128
generate
1377170333:0:15:EmberEngine:Reduce:generate:37: rank=15 size=128
generate
1377300533:0:16:EmberEngine:Reduce:generate:37: rank=16 size=128
generate
1377386333:0:23:EmberEngine:Reduce:generate:37: rank=23 size=128
generate
1377405333:0:19:EmberEngine:Reduce:generate:37: rank=19 size=128
generate
1377430133:0:24:EmberEngine:Reduce:generate:37: rank=24 size=128
generate
1377449133:0:20:EmberEngine:Reduce:generate:37: rank=20 size=128
generate
1377482133:0:17:EmberEngine:Reduce:generate:37: rank=17 size=128
generate
1377516533:0:27:EmberEngine:Reduce:generate:37: rank=27 size=128
generate
1377525933:0:18:EmberEngine:Reduce:generate:37: rank=18 size=128
generate
1377560333:0:28:EmberEngine:Reduce:generate:37: rank=28 size=128
generate
1377612533:0:25:EmberEngine:Reduce:generate:37: rank=25 size=128
generate
1377622133:0:21:EmberEngine:Reduce:generate:37: rank=21 size=128
generate
1377656333:0:26:EmberEngine:Reduce:generate:37: rank=26 size=128
generate
1377665933:0:22:EmberEngine:Reduce:generate:37: rank=22 size=128
generate
1377733133:0:29:EmberEngine:Reduce:generate:37: rank=29 size=128
generate
1377776333:0:30:EmberEngine:Reduce:generate:37: rank=30 size=128
generate
1378099933:0:31:EmberEngine:Reduce:generate:37: rank=31 size=128
generate
1378230133:0:33:EmberEngine:Reduce:generate:37: rank=33 size=128
generate
1378402933:0:32:EmberEngine:Reduce:generate:37: rank=32 size=128
generate
1378446733:0:34:EmberEngine:Reduce:generate:37: rank=34 size=128
generate
1378498133:0:35:EmberEngine:Reduce:generate:37: rank=35 size=128
generate
1378507733:0:39:EmberEngine:Reduce:generate:37: rank=39 size=128
generate
1378541933:0:37:EmberEngine:Reduce:generate:37: rank=37 size=128
generate
1378551533:0:41:EmberEngine:Reduce:generate:37: rank=41 size=128
generate
1378661533:0:47:EmberEngine:Reduce:generate:37: rank=47 size=128
generate
1378705333:0:55:EmberEngine:Reduce:generate:37: rank=55 size=128
generate
1378714733:0:36:EmberEngine:Reduce:generate:37: rank=36 size=128
generate
1378733933:0:40:EmberEngine:Reduce:generate:37: rank=40 size=128
generate
1378749133:0:57:EmberEngine:Reduce:generate:37: rank=57 size=128
generate
1378757933:0:38:EmberEngine:Reduce:generate:37: rank=38 size=128
generate
1378758733:0:56:EmberEngine:Reduce:generate:37: rank=56 size=128
generate
1378767533:0:42:EmberEngine:Reduce:generate:37: rank=42 size=128
generate
1378791733:0:48:EmberEngine:Reduce:generate:37: rank=48 size=128
generate
1378792333:0:58:EmberEngine:Reduce:generate:37: rank=58 size=128
generate
1378801333:0:49:EmberEngine:Reduce:generate:37: rank=49 size=128
generate
1378819733:0:43:EmberEngine:Reduce:generate:37: rank=43 size=128
generate
1378835533:0:50:EmberEngine:Reduce:generate:37: rank=50 size=128
generate
1378835533:0:59:EmberEngine:Reduce:generate:37: rank=59 size=128
generate
1378863533:0:45:EmberEngine:Reduce:generate:37: rank=45 size=128
generate
1378878733:0:61:EmberEngine:Reduce:generate:37: rank=61 size=128
generate
1378887733:0:51:EmberEngine:Reduce:generate:37: rank=51 size=128
generate
1378888333:0:60:EmberEngine:Reduce:generate:37: rank=60 size=128
generate
1378921933:0:62:EmberEngine:Reduce:generate:37: rank=62 size=128
generate
1378931533:0:52:EmberEngine:Reduce:generate:37: rank=52 size=128
generate
1378941133:0:53:EmberEngine:Reduce:generate:37: rank=53 size=128
generate
1378974733:0:54:EmberEngine:Reduce:generate:37: rank=54 size=128
generate
1378985533:0:63:EmberEngine:Reduce:generate:37: rank=63 size=128
generate
1379026733:0:44:EmberEngine:Reduce:generate:37: rank=44 size=128
generate
1379070733:0:46:EmberEngine:Reduce:generate:37: rank=46 size=128
generate
1379072333:0:67:EmberEngine:Reduce:generate:37: rank=67 size=128
generate
1379158733:0:65:EmberEngine:Reduce:generate:37: rank=65 size=128
generate
1379168333:0:64:EmberEngine:Reduce:generate:37: rank=64 size=128
generate
1379289133:0:69:EmberEngine:Reduce:generate:37: rank=69 size=128
generate
1379298733:0:68:EmberEngine:Reduce:generate:37: rank=68 size=128
generate
1379375533:0:66:EmberEngine:Reduce:generate:37: rank=66 size=128
generate
1379426733:0:71:EmberEngine:Reduce:generate:37: rank=71 size=128
generate
1379503533:0:95:EmberEngine:Reduce:generate:37: rank=95 size=128
generate
1379505133:0:70:EmberEngine:Reduce:generate:37: rank=70 size=128
generate
1379557133:0:75:EmberEngine:Reduce:generate:37: rank=75 size=128
generate
1379609133:0:79:EmberEngine:Reduce:generate:37: rank=79 size=128
generate
1379633933:0:97:EmberEngine:Reduce:generate:37: rank=97 size=128
generate
1379643533:0:73:EmberEngine:Reduce:generate:37: rank=73 size=128
generate
1379653133:0:72:EmberEngine:Reduce:generate:37: rank=72 size=128
generate
1379653133:0:83:EmberEngine:Reduce:generate:37: rank=83 size=128
generate
1379696333:0:84:EmberEngine:Reduce:generate:37: rank=84 size=128
generate
1379729933:0:99:EmberEngine:Reduce:generate:37: rank=99 size=128
generate
1379749133:0:80:EmberEngine:Reduce:generate:37: rank=80 size=128
generate
1379764333:0:101:EmberEngine:Reduce:generate:37: rank=101 size=128
generate
1379773133:0:77:EmberEngine:Reduce:generate:37: rank=77 size=128
generate
1379782733:0:76:EmberEngine:Reduce:generate:37: rank=76 size=128
generate
1379792333:0:91:EmberEngine:Reduce:generate:37: rank=91 size=128
generate
1379806733:0:96:EmberEngine:Reduce:generate:37: rank=96 size=128
generate
1379834733:0:87:EmberEngine:Reduce:generate:37: rank=87 size=128
generate
1379835533:0:92:EmberEngine:Reduce:generate:37: rank=92 size=128
generate
1379859533:0:74:EmberEngine:Reduce:generate:37: rank=74 size=128
generate
1379860333:0:98:EmberEngine:Reduce:generate:37: rank=98 size=128
generate
1379869133:0:85:EmberEngine:Reduce:generate:37: rank=85 size=128
generate
1379878733:0:88:EmberEngine:Reduce:generate:37: rank=88 size=128
generate
1379893133:0:111:EmberEngine:Reduce:generate:37: rank=111 size=128
generate
1379893933:0:123:EmberEngine:Reduce:generate:37: rank=123 size=128
generate
1379902733:0:103:EmberEngine:Reduce:generate:37: rank=103 size=128
generate
1379912333:0:86:EmberEngine:Reduce:generate:37: rank=86 size=128
generate
1379921933:0:81:EmberEngine:Reduce:generate:37: rank=81 size=128
generate
1379937133:0:115:EmberEngine:Reduce:generate:37: rank=115 size=128
generate
1379937133:0:119:EmberEngine:Reduce:generate:37: rank=119 size=128
generate
1379937133:0:125:EmberEngine:Reduce:generate:37: rank=125 size=128
generate
1379946733:0:105:EmberEngine:Reduce:generate:37: rank=105 size=128
generate
1379946733:0:124:EmberEngine:Reduce:generate:37: rank=124 size=128
generate
1379965133:0:82:EmberEngine:Reduce:generate:37: rank=82 size=128
generate
1379965133:0:100:EmberEngine:Reduce:generate:37: rank=100 size=128
generate
1379980333:0:102:EmberEngine:Reduce:generate:37: rank=102 size=128
generate
1379980333:0:117:EmberEngine:Reduce:generate:37: rank=117 size=128
generate
1379980333:0:120:EmberEngine:Reduce:generate:37: rank=120 size=128
generate
1379989133:0:78:EmberEngine:Reduce:generate:37: rank=78 size=128
generate
1379989133:0:126:EmberEngine:Reduce:generate:37: rank=126 size=128
generate
1379989933:0:116:EmberEngine:Reduce:generate:37: rank=116 size=128
generate
1379989933:0:121:EmberEngine:Reduce:generate:37: rank=121 size=128
generate
1379999533:0:93:EmberEngine:Reduce:generate:37: rank=93 size=128
generate
1380023533:0:118:EmberEngine:Reduce:generate:37: rank=118 size=128
generate
1380033133:0:112:EmberEngine:Reduce:generate:37: rank=112 size=128
generate
1380033133:0:122:EmberEngine:Reduce:generate:37: rank=122 size=128
generate
1380041933:0:107:EmberEngine:Reduce:generate:37: rank=107 size=128
generate
1380042733:0:89:EmberEngine:Reduce:generate:37: rank=89 size=128
generate
1380042733:0:94:EmberEngine:Reduce:generate:37: rank=94 size=128
generate
1380042733:0:113:EmberEngine:Reduce:generate:37: rank=113 size=128
generate
Bcast: ranks 128, loop 2, bytes 56, latency 1.893 us
1380044333:0:127:EmberEngine:Reduce:generate:37: rank=127 size=128
generate
1380076333:0:109:EmberEngine:Reduce:generate:37: rank=109 size=128
generate
1380085933:0:90:EmberEngine:Reduce:generate:37: rank=90 size=128
generate
1380085933:0:114:EmberEngine:Reduce:generate:37: rank=114 size=128
generate
1380119533:0:104:EmberEngine:Reduce:generate:37: rank=104 size=128
generate
1380162733:0:106:EmberEngine:Reduce:generate:37: rank=106 size=128
generate
1380258733:0:108:EmberEngine:Reduce:generate:37: rank=108 size=128
generate
1380292333:0:110:EmberEngine:Reduce:generate:37: rank=110 size=128
Allgather: ranks 128, loop 3, bytes 12, latency 9.994 us
Barrier: ranks 128, loop 99, latency 14.901 us
2917697133:0:0:EmberEngine:PingPong:generate:65: rank=0 size=128
rank2=1 messageSize=256 iterations=35
2918540333:0:1:EmberEngine:PingPong:generate:65: rank=1 size=128
2920705933:0:8:EmberEngine:PingPong:generate:65: rank=8 size=128
2923666733:0:64:EmberEngine:PingPong:generate:65: rank=64 size=128
2924549133:0:127:EmberEngine:PingPong:generate:65: rank=127 size=128
PingPong: otherRank 1, total time 63.549 us, loop 35, bufLen 256, latency 0.908 us. bandwidth 0.281987 GB/s
2981246733:0:0:EmberEngine:PingPong:generate:65: rank=0 size=128
rank2=8 messageSize=256 iterations=35
PingPong: otherRank 8, total time 87.416 us, loop 35, bufLen 256, latency 1.249 us. bandwidth 0.204997 GB/s
3068662733:0:0:EmberEngine:PingPong:generate:65: rank=0 size=128
rank2=64 messageSize=256 iterations=35
PingPong: otherRank 64, total time 87.416 us, loop 35, bufLen 256, latency 1.249 us. bandwidth 0.204997 GB/s
3156078733:0:0:EmberEngine:PingPong:generate:65: rank=0 size=128
rank2=127 messageSize=256 iterations=35
PingPong: otherRank 127, total time 75.320 us, loop 35, bufLen 256, latency 1.076 us. bandwidth 0.237918 GB/s
Simulation is complete, simulated time: 3.24504 ms
